  DANN                : AUC = 0.561
  MMD                 : AUC = 0.572
  CORAL               : AUC = 0.588
  CDAN                : AUC = 0.555
  Contrastive         : AUC = 0.573
  Graf uloв”јв•›enв”њв•њ: C:\INS-Dmytro\parkinson_da\data\roc_curves_AtoB.png

======================================================================
7. t-SNE О“Г‡Г¶ pred a po DANN (AО“ГҐГ†B)
======================================================================
  Graf uloв”јв•›enв”њв•њ: C:\INS-Dmytro\parkinson_da\data\tsne_dann.png

======================================================================
8. BOOTSTRAP 95% CI О“Г‡Г¶ AUC pre AО“ГҐГ†B
======================================================================

  Metв”њв”‚da                    AUC           95% CI
  ----------------------------------------------
  MLP (baseline)          0.564  [0.431, 0.696]
  DANN                    0.561  [0.424, 0.696]
  MMD                     0.572  [0.441, 0.699]
  CORAL                   0.588  [0.459, 0.716]
  CDAN                    0.555  [0.426, 0.691]
  Contrastive             0.573  [0.435, 0.704]

======================================================================
9. PERFORMANCE DROP О“Г‡Г¶ domain gap
======================================================================
  Graf uloв”јв•›enв”њв•њ: C:\INS-Dmytro\parkinson_da\data\performance_drop.png

======================================================================
10. Zв”њГјVEREв”ЂГ®Nв”њГј POROVNв”њГјVACIA TABUв”Ђв•њKA
======================================================================

===========================================================================
POROVNANIE Vв”њВҐSLEDKOV
===========================================================================
Metв”њв”‚da                            Acc     F1    AUC   Sens   Spec
---------------------------------------------------------------------------
MLP in-domain A                 0.837  0.902  0.912  1.000  0.333
CNN in-domain A                 0.898  0.937  0.975  1.000  0.583
SVM in-domain A                 0.571  0.687  0.511  0.622  0.417
MLP in-domain B                 0.688  0.667  0.719  0.625  0.750
SVM in-domain B                 0.688  0.667  0.734  0.625  0.750
MLP in-domain D                 0.688  0.667  0.672  0.625  0.750
MLP AО“ГҐГ†B (baseline)              0.500  0.583  0.564  0.700  0.300
SVM AО“ГҐГ†B (baseline)              0.475  0.543  0.523  0.625  0.325
MLP BО“ГҐГ†A (baseline)              0.564  0.629  0.731  0.490  0.792
DANN AО“ГҐГ†B                        0.463  0.547  0.561  0.650  0.275
MMD AО“ГҐГ†B                         0.525  0.578  0.572  0.650  0.400
CORAL AО“ГҐГ†B                       0.475  0.543  0.588  0.625  0.325
CDAN AО“ГҐГ†B                        0.475  0.543  0.555  0.625  0.325
Contrastive AО“ГҐГ†B                 0.450  0.532  0.573  0.625  0.275
Multi-DANN (B+C)О“ГҐГ†D              0.713  0.701  0.813  0.675  0.750
Multi-CORAL (B+C)О“ГҐГ†D             0.762  0.747  0.858  0.700  0.825
===========================================================================
  Graf uloв”јв•›enв”њв•њ: C:\INS-Dmytro\parkinson_da\data\losses_da.png

Celkovв”њв•њ в”ЂГ¬as: 0:00:41
Grafy uloв”јв•›enв”њвЊђ v: C:\INS-Dmytro\parkinson_da\data
