Zariadenie: cuda
SEEDS: [42, 7, 123, 2024, 99, 31, 256, 777, 1337, 0]

A (Oxford):           195 vz., PD=147, H=48, 32 pacientov
Istanbul-pooled (BCD): 240 vz., PD=120, H=120, 80 pacientov

========================================================================
E1: A (Oxford) ΓåÆ Istanbul-pooled (B+C+D)
========================================================================
  Source: 195 vz., Target: 240 vz., 80 unik├ítnych pacientov
  Source class weights: [2.0309998989105225, 0.6629999876022339]
  Target test: 96 vz., PD=48, H=48
  Epoch [10/50], Loss: 0.4406
  Epoch [20/50], Loss: 0.4140
  Epoch [30/50], Loss: 0.3564
  Epoch [40/50], Loss: 0.3095
  Epoch [50/50], Loss: 0.2528
  [seed=  42] baseline       AUC=0.697  (3.0s)
  [seed=  42] svm_source     AUC=0.678  (0.0s)
  [seed=  42] subspace       AUC=0.678  (0.0s)
  Epoch [10/100], Loss: 1.8466 (╬╗=0.426, lr=0.000296, class: 0.4287, domain: 1.4148)
  Epoch [20/100], Loss: 1.7848 (╬╗=0.744, lr=0.000218, class: 0.4054, domain: 1.3824)
  Epoch [30/100], Loss: 1.7944 (╬╗=0.899, lr=0.000176, class: 0.3880, domain: 1.3996)
  Epoch [40/100], Loss: 1.7632 (╬╗=0.962, lr=0.000149, class: 0.4205, domain: 1.3525)
  Epoch [50/100], Loss: 1.7733 (╬╗=0.986, lr=0.000130, class: 0.3896, domain: 1.4395)
  Epoch [60/100], Loss: 1.7490 (╬╗=0.995, lr=0.000115, class: 0.4391, domain: 1.3874)
  Epoch [70/100], Loss: 1.7458 (╬╗=0.998, lr=0.000104, class: 0.3351, domain: 1.4125)
  Epoch [80/100], Loss: 1.7600 (╬╗=0.999, lr=0.000096, class: 0.4074, domain: 1.4051)
  Epoch [90/100], Loss: 1.7319 (╬╗=1.000, lr=0.000088, class: 0.2602, domain: 1.3768)
  Epoch [100/100], Loss: 1.7374 (╬╗=1.000, lr=0.000082, class: 0.3040, domain: 1.4079)
  [seed=  42] dann           AUC=0.687  (2.4s)
  Epoch [10/100], Loss: 0.5011 (class: 0.3981, MMD: 0.0773)
  Epoch [20/100], Loss: 0.4767 (class: 0.3876, MMD: 0.0885)
  Epoch [30/100], Loss: 0.3989 (class: 0.3335, MMD: 0.0657)
  Epoch [40/100], Loss: 0.3575 (class: 0.3293, MMD: 0.0633)
  Epoch [50/100], Loss: 0.3464 (class: 0.2825, MMD: 0.0754)
  Epoch [60/100], Loss: 0.3305 (class: 0.3358, MMD: 0.0601)
  Epoch [70/100], Loss: 0.3198 (class: 0.2297, MMD: 0.0711)
  Epoch [80/100], Loss: 0.2656 (class: 0.2480, MMD: 0.0728)
  Epoch [90/100], Loss: 0.2598 (class: 0.1593, MMD: 0.0558)
  Epoch [100/100], Loss: 0.2335 (class: 0.1738, MMD: 0.0615)
  [seed=  42] mmd            AUC=0.664  (3.4s)
  Epoch [10/100], Loss: 0.4676 (class: 0.3815, CORAL: 0.0014)
  Epoch [20/100], Loss: 0.4200 (class: 0.3917, CORAL: 0.0010)
  Epoch [30/100], Loss: 0.3423 (class: 0.3314, CORAL: 0.0007)
  Epoch [40/100], Loss: 0.3049 (class: 0.3259, CORAL: 0.0006)
  Epoch [50/100], Loss: 0.2917 (class: 0.2769, CORAL: 0.0006)
  Epoch [60/100], Loss: 0.2776 (class: 0.3255, CORAL: 0.0007)
  Epoch [70/100], Loss: 0.2343 (class: 0.2230, CORAL: 0.0006)
  Epoch [80/100], Loss: 0.2130 (class: 0.2478, CORAL: 0.0007)
  Epoch [90/100], Loss: 0.2092 (class: 0.1584, CORAL: 0.0004)
  Epoch [100/100], Loss: 0.1896 (class: 0.1633, CORAL: 0.0005)
  [seed=  42] coral          AUC=0.651  (2.3s)
  Epoch [10/100], Loss: 1.7969 (╬╗=0.213, class: 0.4283, domain: 1.3431)
  Epoch [20/100], Loss: 1.7334 (╬╗=0.372, class: 0.3977, domain: 1.3334)
  Epoch [30/100], Loss: 1.7341 (╬╗=0.449, class: 0.3814, domain: 1.3384)
  Epoch [40/100], Loss: 1.7007 (╬╗=0.481, class: 0.4137, domain: 1.3458)
  Epoch [50/100], Loss: 1.7174 (╬╗=0.493, class: 0.3688, domain: 1.4178)
  Epoch [60/100], Loss: 1.7081 (╬╗=0.497, class: 0.4180, domain: 1.3741)
  Epoch [70/100], Loss: 1.6982 (╬╗=0.499, class: 0.3120, domain: 1.3899)
  Epoch [80/100], Loss: 1.7044 (╬╗=0.500, class: 0.3986, domain: 1.3932)
  Epoch [90/100], Loss: 1.6911 (╬╗=0.500, class: 0.2443, domain: 1.3890)
  Epoch [100/100], Loss: 1.7051 (╬╗=0.500, class: 0.2873, domain: 1.4017)
  [seed=  42] cdan           AUC=0.664  (2.4s)
  Epoch [10/100], Loss: 0.4348 (class: 0.3938, contrastive: 0.0077, conf_samples: 31)
  Epoch [20/100], Loss: 0.3953 (class: 0.3875, contrastive: 0.0093, conf_samples: 41)
  Epoch [30/100], Loss: 0.3222 (class: 0.3213, contrastive: 0.0107, conf_samples: 45)
  Epoch [40/100], Loss: 0.2852 (class: 0.3167, contrastive: 0.0142, conf_samples: 47)
  Epoch [50/100], Loss: 0.2656 (class: 0.2661, contrastive: 0.0071, conf_samples: 47)
  Epoch [60/100], Loss: 0.2550 (class: 0.3111, contrastive: 0.0279, conf_samples: 50)
  Epoch [70/100], Loss: 0.2211 (class: 0.2067, contrastive: 0.0244, conf_samples: 51)
  Epoch [80/100], Loss: 0.2082 (class: 0.2432, contrastive: 0.0164, conf_samples: 53)
  Epoch [90/100], Loss: 0.1938 (class: 0.1537, contrastive: 0.0353, conf_samples: 53)
  Epoch [100/100], Loss: 0.1782 (class: 0.1606, contrastive: 0.0283, conf_samples: 52)
  [seed=  42] contrastive    AUC=0.668  (2.8s)
  Epoch [10/50], Loss: 0.4530
  Epoch [20/50], Loss: 0.3877
  Epoch [30/50], Loss: 0.3457
  Epoch [40/50], Loss: 0.3156
  Epoch [50/50], Loss: 0.2661
  [seed=   7] baseline       AUC=0.706  (0.6s)
  [seed=   7] svm_source     AUC=0.678  (0.0s)
  [seed=   7] subspace       AUC=0.678  (0.0s)
  Epoch [10/100], Loss: 1.8262 (╬╗=0.426, lr=0.000296, class: 0.4635, domain: 1.3495)
  Epoch [20/100], Loss: 1.7783 (╬╗=0.744, lr=0.000218, class: 0.3680, domain: 1.3668)
  Epoch [30/100], Loss: 1.8129 (╬╗=0.899, lr=0.000176, class: 0.3725, domain: 1.4077)
  Epoch [40/100], Loss: 1.7904 (╬╗=0.962, lr=0.000149, class: 0.4010, domain: 1.4133)
  Epoch [50/100], Loss: 1.7747 (╬╗=0.986, lr=0.000130, class: 0.3607, domain: 1.4441)
  Epoch [60/100], Loss: 1.7628 (╬╗=0.995, lr=0.000115, class: 0.3415, domain: 1.4174)
  Epoch [70/100], Loss: 1.7599 (╬╗=0.998, lr=0.000104, class: 0.3100, domain: 1.4460)
  Epoch [80/100], Loss: 1.7242 (╬╗=0.999, lr=0.000096, class: 0.2676, domain: 1.4125)
  Epoch [90/100], Loss: 1.7471 (╬╗=1.000, lr=0.000088, class: 0.3594, domain: 1.4053)
  Epoch [100/100], Loss: 1.7046 (╬╗=1.000, lr=0.000082, class: 0.2856, domain: 1.4044)
  [seed=   7] dann           AUC=0.689  (2.2s)
  Epoch [10/100], Loss: 0.5068 (class: 0.4363, MMD: 0.0615)
  Epoch [20/100], Loss: 0.4471 (class: 0.3651, MMD: 0.0754)
  Epoch [30/100], Loss: 0.4049 (class: 0.3191, MMD: 0.0883)
  Epoch [40/100], Loss: 0.3758 (class: 0.3326, MMD: 0.0583)
  Epoch [50/100], Loss: 0.3642 (class: 0.2799, MMD: 0.0702)
  Epoch [60/100], Loss: 0.3425 (class: 0.2839, MMD: 0.0634)
  Epoch [70/100], Loss: 0.3393 (class: 0.2221, MMD: 0.0798)
  Epoch [80/100], Loss: 0.2849 (class: 0.1990, MMD: 0.0656)
  Epoch [90/100], Loss: 0.3059 (class: 0.2557, MMD: 0.0631)
  Epoch [100/100], Loss: 0.2540 (class: 0.1665, MMD: 0.0543)
  [seed=   7] mmd            AUC=0.664  (3.2s)
  Epoch [10/100], Loss: 0.4695 (class: 0.4263, CORAL: 0.0009)
  Epoch [20/100], Loss: 0.3967 (class: 0.3589, CORAL: 0.0008)
  Epoch [30/100], Loss: 0.3516 (class: 0.3111, CORAL: 0.0010)
  Epoch [40/100], Loss: 0.3157 (class: 0.3281, CORAL: 0.0008)
  Epoch [50/100], Loss: 0.2941 (class: 0.2784, CORAL: 0.0004)
  Epoch [60/100], Loss: 0.2863 (class: 0.2847, CORAL: 0.0006)
  Epoch [70/100], Loss: 0.2737 (class: 0.2087, CORAL: 0.0008)
  Epoch [80/100], Loss: 0.2327 (class: 0.1957, CORAL: 0.0008)
  Epoch [90/100], Loss: 0.2232 (class: 0.2336, CORAL: 0.0007)
  Epoch [100/100], Loss: 0.1904 (class: 0.1596, CORAL: 0.0005)
  [seed=   7] coral          AUC=0.656  (2.3s)
  Epoch [10/100], Loss: 1.8296 (╬╗=0.213, class: 0.4633, domain: 1.3416)
  Epoch [20/100], Loss: 1.7238 (╬╗=0.372, class: 0.3664, domain: 1.3327)
  Epoch [30/100], Loss: 1.7357 (╬╗=0.449, class: 0.3600, domain: 1.3244)
  Epoch [40/100], Loss: 1.7453 (╬╗=0.481, class: 0.3985, domain: 1.3825)
  Epoch [50/100], Loss: 1.6976 (╬╗=0.493, class: 0.3464, domain: 1.3564)
  Epoch [60/100], Loss: 1.7190 (╬╗=0.497, class: 0.3259, domain: 1.4091)
  Epoch [70/100], Loss: 1.7262 (╬╗=0.499, class: 0.2944, domain: 1.4086)
  Epoch [80/100], Loss: 1.7052 (╬╗=0.500, class: 0.2515, domain: 1.3821)
  Epoch [90/100], Loss: 1.7107 (╬╗=0.500, class: 0.3514, domain: 1.3828)
  Epoch [100/100], Loss: 1.6845 (╬╗=0.500, class: 0.2687, domain: 1.3924)
  [seed=   7] cdan           AUC=0.675  (2.4s)
  Epoch [10/100], Loss: 0.4545 (class: 0.4428, contrastive: 0.0176, conf_samples: 28)
  Epoch [20/100], Loss: 0.3760 (class: 0.3620, contrastive: 0.0026, conf_samples: 32)
  Epoch [30/100], Loss: 0.3306 (class: 0.3125, contrastive: 0.0058, conf_samples: 41)
  Epoch [40/100], Loss: 0.2935 (class: 0.3276, contrastive: 0.0128, conf_samples: 41)
  Epoch [50/100], Loss: 0.2742 (class: 0.2642, contrastive: 0.0277, conf_samples: 44)
  Epoch [60/100], Loss: 0.2644 (class: 0.2834, contrastive: 0.0110, conf_samples: 47)
  Epoch [70/100], Loss: 0.2487 (class: 0.2021, contrastive: 0.0171, conf_samples: 58)
  Epoch [80/100], Loss: 0.2175 (class: 0.1916, contrastive: 0.0333, conf_samples: 53)
  Epoch [90/100], Loss: 0.1974 (class: 0.2214, contrastive: 0.0230, conf_samples: 52)
  Epoch [100/100], Loss: 0.1743 (class: 0.1537, contrastive: 0.0251, conf_samples: 48)
  [seed=   7] contrastive    AUC=0.663  (2.8s)
  Epoch [10/50], Loss: 0.4517
  Epoch [20/50], Loss: 0.3898
  Epoch [30/50], Loss: 0.3458
  Epoch [40/50], Loss: 0.2943
  Epoch [50/50], Loss: 0.2587
  [seed= 123] baseline       AUC=0.676  (0.7s)
  [seed= 123] svm_source     AUC=0.678  (0.0s)
  [seed= 123] subspace       AUC=0.678  (0.0s)
  Epoch [10/100], Loss: 1.8525 (╬╗=0.426, lr=0.000296, class: 0.4468, domain: 1.3975)
  Epoch [20/100], Loss: 1.7980 (╬╗=0.744, lr=0.000218, class: 0.3809, domain: 1.4194)
  Epoch [30/100], Loss: 1.8138 (╬╗=0.899, lr=0.000176, class: 0.4083, domain: 1.4222)
  Epoch [40/100], Loss: 1.7678 (╬╗=0.962, lr=0.000149, class: 0.3361, domain: 1.4104)
  Epoch [50/100], Loss: 1.7655 (╬╗=0.986, lr=0.000130, class: 0.3683, domain: 1.4012)
  Epoch [60/100], Loss: 1.7451 (╬╗=0.995, lr=0.000115, class: 0.3412, domain: 1.3995)
  Epoch [70/100], Loss: 1.7580 (╬╗=0.998, lr=0.000104, class: 0.3443, domain: 1.3989)
  Epoch [80/100], Loss: 1.7224 (╬╗=0.999, lr=0.000096, class: 0.3257, domain: 1.3951)
  Epoch [90/100], Loss: 1.7444 (╬╗=1.000, lr=0.000088, class: 0.3877, domain: 1.4139)
  Epoch [100/100], Loss: 1.7227 (╬╗=1.000, lr=0.000082, class: 0.3161, domain: 1.3824)
  [seed= 123] dann           AUC=0.671  (2.3s)
  Epoch [10/100], Loss: 0.5277 (class: 0.4143, MMD: 0.0792)
  Epoch [20/100], Loss: 0.4528 (class: 0.3739, MMD: 0.0658)
  Epoch [30/100], Loss: 0.4221 (class: 0.3422, MMD: 0.0666)
  Epoch [40/100], Loss: 0.3685 (class: 0.2818, MMD: 0.0801)
  Epoch [50/100], Loss: 0.3521 (class: 0.3055, MMD: 0.0630)
  Epoch [60/100], Loss: 0.2873 (class: 0.2663, MMD: 0.0510)
  Epoch [70/100], Loss: 0.3075 (class: 0.2316, MMD: 0.0842)
  Epoch [80/100], Loss: 0.2887 (class: 0.1946, MMD: 0.0933)
  Epoch [90/100], Loss: 0.2294 (class: 0.1683, MMD: 0.0730)
  Epoch [100/100], Loss: 0.2504 (class: 0.1951, MMD: 0.0734)
  [seed= 123] mmd            AUC=0.664  (3.4s)
  Epoch [10/100], Loss: 0.4913 (class: 0.4208, CORAL: 0.0011)
  Epoch [20/100], Loss: 0.4029 (class: 0.3703, CORAL: 0.0006)
  Epoch [30/100], Loss: 0.3704 (class: 0.3422, CORAL: 0.0009)
  Epoch [40/100], Loss: 0.3226 (class: 0.2812, CORAL: 0.0009)
  Epoch [50/100], Loss: 0.3025 (class: 0.2987, CORAL: 0.0006)
  Epoch [60/100], Loss: 0.2427 (class: 0.2539, CORAL: 0.0006)
  Epoch [70/100], Loss: 0.2309 (class: 0.2184, CORAL: 0.0008)
  Epoch [80/100], Loss: 0.2109 (class: 0.1806, CORAL: 0.0007)
  Epoch [90/100], Loss: 0.1656 (class: 0.1525, CORAL: 0.0007)
  Epoch [100/100], Loss: 0.1933 (class: 0.1934, CORAL: 0.0006)
  [seed= 123] coral          AUC=0.663  (2.4s)
  Epoch [10/100], Loss: 1.8388 (╬╗=0.213, class: 0.4458, domain: 1.4079)
  Epoch [20/100], Loss: 1.7498 (╬╗=0.372, class: 0.3787, domain: 1.3760)
  Epoch [30/100], Loss: 1.7267 (╬╗=0.449, class: 0.4073, domain: 1.3316)
  Epoch [40/100], Loss: 1.7033 (╬╗=0.481, class: 0.3277, domain: 1.3382)
  Epoch [50/100], Loss: 1.6803 (╬╗=0.493, class: 0.3544, domain: 1.3509)
  Epoch [60/100], Loss: 1.6849 (╬╗=0.497, class: 0.3289, domain: 1.3693)
  Epoch [70/100], Loss: 1.6882 (╬╗=0.499, class: 0.3396, domain: 1.3295)
  Epoch [80/100], Loss: 1.6786 (╬╗=0.500, class: 0.3246, domain: 1.3355)
  Epoch [90/100], Loss: 1.7052 (╬╗=0.500, class: 0.3772, domain: 1.3769)
  Epoch [100/100], Loss: 1.6710 (╬╗=0.500, class: 0.2990, domain: 1.3335)
  [seed= 123] cdan           AUC=0.645  (2.5s)
  Epoch [10/100], Loss: 0.4652 (class: 0.4228, contrastive: 0.0059, conf_samples: 21)
  Epoch [20/100], Loss: 0.3763 (class: 0.3731, contrastive: 0.0051, conf_samples: 42)
  Epoch [30/100], Loss: 0.3381 (class: 0.3329, contrastive: 0.0079, conf_samples: 42)
  Epoch [40/100], Loss: 0.2925 (class: 0.2690, contrastive: 0.0169, conf_samples: 46)
  Epoch [50/100], Loss: 0.2767 (class: 0.2839, contrastive: 0.0136, conf_samples: 45)
  Epoch [60/100], Loss: 0.2127 (class: 0.2454, contrastive: 0.0060, conf_samples: 49)
  Epoch [70/100], Loss: 0.2094 (class: 0.2084, contrastive: 0.0145, conf_samples: 51)
  Epoch [80/100], Loss: 0.1880 (class: 0.1708, contrastive: 0.0049, conf_samples: 49)
  Epoch [90/100], Loss: 0.1534 (class: 0.1433, contrastive: 0.0343, conf_samples: 54)
  Epoch [100/100], Loss: 0.1696 (class: 0.1679, contrastive: 0.0229, conf_samples: 54)
  [seed= 123] contrastive    AUC=0.668  (2.8s)
  Epoch [10/50], Loss: 0.4699
  Epoch [20/50], Loss: 0.4011
  Epoch [30/50], Loss: 0.3343
  Epoch [40/50], Loss: 0.3371
  Epoch [50/50], Loss: 0.2791
  [seed=2024] baseline       AUC=0.705  (0.6s)
  [seed=2024] svm_source     AUC=0.678  (0.0s)
  [seed=2024] subspace       AUC=0.678  (0.0s)
  Epoch [10/100], Loss: 1.8508 (╬╗=0.426, lr=0.000296, class: 0.4864, domain: 1.3430)
  Epoch [20/100], Loss: 1.8390 (╬╗=0.744, lr=0.000218, class: 0.4132, domain: 1.3931)
  Epoch [30/100], Loss: 1.8446 (╬╗=0.899, lr=0.000176, class: 0.4469, domain: 1.4213)
  Epoch [40/100], Loss: 1.8435 (╬╗=0.962, lr=0.000149, class: 0.4043, domain: 1.4349)
  Epoch [50/100], Loss: 1.8146 (╬╗=0.986, lr=0.000130, class: 0.3619, domain: 1.4125)
  Epoch [60/100], Loss: 1.8016 (╬╗=0.995, lr=0.000115, class: 0.3915, domain: 1.4240)
  Epoch [70/100], Loss: 1.7851 (╬╗=0.998, lr=0.000104, class: 0.3221, domain: 1.4004)
  Epoch [80/100], Loss: 1.7973 (╬╗=0.999, lr=0.000096, class: 0.4027, domain: 1.4235)
  Epoch [90/100], Loss: 1.7707 (╬╗=1.000, lr=0.000088, class: 0.4282, domain: 1.3896)
  Epoch [100/100], Loss: 1.7202 (╬╗=1.000, lr=0.000082, class: 0.3464, domain: 1.3623)
  [seed=2024] dann           AUC=0.737  (2.4s)
  Epoch [10/100], Loss: 0.5578 (class: 0.4643, MMD: 0.0860)
  Epoch [20/100], Loss: 0.4811 (class: 0.3704, MMD: 0.0520)
  Epoch [30/100], Loss: 0.4288 (class: 0.3868, MMD: 0.0566)
  Epoch [40/100], Loss: 0.3973 (class: 0.3124, MMD: 0.0761)
  Epoch [50/100], Loss: 0.3851 (class: 0.2893, MMD: 0.0673)
  Epoch [60/100], Loss: 0.3372 (class: 0.3030, MMD: 0.0497)
  Epoch [70/100], Loss: 0.3096 (class: 0.2541, MMD: 0.0585)
  Epoch [80/100], Loss: 0.3321 (class: 0.3381, MMD: 0.0570)
  Epoch [90/100], Loss: 0.2959 (class: 0.2957, MMD: 0.0502)
  Epoch [100/100], Loss: 0.2883 (class: 0.1744, MMD: 0.0719)
  [seed=2024] mmd            AUC=0.678  (3.3s)
  Epoch [10/100], Loss: 0.5060 (class: 0.4593, CORAL: 0.0010)
  Epoch [20/100], Loss: 0.4238 (class: 0.3595, CORAL: 0.0007)
  Epoch [30/100], Loss: 0.3843 (class: 0.3831, CORAL: 0.0007)
  Epoch [40/100], Loss: 0.3343 (class: 0.3085, CORAL: 0.0007)
  Epoch [50/100], Loss: 0.3175 (class: 0.2660, CORAL: 0.0005)
  Epoch [60/100], Loss: 0.2869 (class: 0.3066, CORAL: 0.0005)
  Epoch [70/100], Loss: 0.2479 (class: 0.2369, CORAL: 0.0005)
  Epoch [80/100], Loss: 0.2646 (class: 0.3320, CORAL: 0.0004)
  Epoch [90/100], Loss: 0.2319 (class: 0.2888, CORAL: 0.0006)
  Epoch [100/100], Loss: 0.2229 (class: 0.1563, CORAL: 0.0005)
  [seed=2024] coral          AUC=0.692  (2.3s)
  Epoch [10/100], Loss: 1.8358 (╬╗=0.213, class: 0.4854, domain: 1.3371)
  Epoch [20/100], Loss: 1.7990 (╬╗=0.372, class: 0.4066, domain: 1.3593)
  Epoch [30/100], Loss: 1.7668 (╬╗=0.449, class: 0.4301, domain: 1.3493)
  Epoch [40/100], Loss: 1.7433 (╬╗=0.481, class: 0.3921, domain: 1.3520)
  Epoch [50/100], Loss: 1.7486 (╬╗=0.493, class: 0.3366, domain: 1.3659)
  Epoch [60/100], Loss: 1.7198 (╬╗=0.497, class: 0.3829, domain: 1.3467)
  Epoch [70/100], Loss: 1.7086 (╬╗=0.499, class: 0.2955, domain: 1.3637)
  Epoch [80/100], Loss: 1.7244 (╬╗=0.500, class: 0.3746, domain: 1.4041)
  Epoch [90/100], Loss: 1.7317 (╬╗=0.500, class: 0.4125, domain: 1.3623)
  Epoch [100/100], Loss: 1.6942 (╬╗=0.500, class: 0.3270, domain: 1.3492)
  [seed=2024] cdan           AUC=0.688  (2.5s)
  Epoch [10/100], Loss: 0.5152 (class: 0.4836, contrastive: 0.0083, conf_samples: 19)
  Epoch [20/100], Loss: 0.4140 (class: 0.3816, contrastive: 0.0087, conf_samples: 31)
  Epoch [30/100], Loss: 0.3735 (class: 0.3848, contrastive: 0.0135, conf_samples: 39)
  Epoch [40/100], Loss: 0.3306 (class: 0.3137, contrastive: 0.0035, conf_samples: 41)
  Epoch [50/100], Loss: 0.3244 (class: 0.2715, contrastive: 0.0524, conf_samples: 48)
  Epoch [60/100], Loss: 0.2834 (class: 0.3138, contrastive: 0.0091, conf_samples: 48)
  Epoch [70/100], Loss: 0.2515 (class: 0.2428, contrastive: 0.0218, conf_samples: 48)
  Epoch [80/100], Loss: 0.2659 (class: 0.3380, contrastive: 0.0202, conf_samples: 55)
  Epoch [90/100], Loss: 0.2221 (class: 0.2910, contrastive: 0.0060, conf_samples: 56)
  Epoch [100/100], Loss: 0.2222 (class: 0.1560, contrastive: 0.0153, conf_samples: 54)
  [seed=2024] contrastive    AUC=0.653  (2.8s)
  Epoch [10/50], Loss: 0.4662
  Epoch [20/50], Loss: 0.3944
  Epoch [30/50], Loss: 0.3464
  Epoch [40/50], Loss: 0.3104
  Epoch [50/50], Loss: 0.2531
  [seed=  99] baseline       AUC=0.685  (0.7s)
  [seed=  99] svm_source     AUC=0.678  (0.0s)
  [seed=  99] subspace       AUC=0.678  (0.0s)
  Epoch [10/100], Loss: 1.8752 (╬╗=0.426, lr=0.000296, class: 0.5290, domain: 1.3867)
  Epoch [20/100], Loss: 1.8127 (╬╗=0.744, lr=0.000218, class: 0.4823, domain: 1.3894)
  Epoch [30/100], Loss: 1.8193 (╬╗=0.899, lr=0.000176, class: 0.4526, domain: 1.4044)
  Epoch [40/100], Loss: 1.7681 (╬╗=0.962, lr=0.000149, class: 0.3887, domain: 1.3888)
  Epoch [50/100], Loss: 1.7737 (╬╗=0.986, lr=0.000130, class: 0.4652, domain: 1.3963)
  Epoch [60/100], Loss: 1.7213 (╬╗=0.995, lr=0.000115, class: 0.3620, domain: 1.3459)
  Epoch [70/100], Loss: 1.7328 (╬╗=0.998, lr=0.000104, class: 0.3414, domain: 1.3813)
  Epoch [80/100], Loss: 1.7178 (╬╗=0.999, lr=0.000096, class: 0.3356, domain: 1.4015)
  Epoch [90/100], Loss: 1.7134 (╬╗=1.000, lr=0.000088, class: 0.3055, domain: 1.4084)
  Epoch [100/100], Loss: 1.7443 (╬╗=1.000, lr=0.000082, class: 0.2959, domain: 1.3873)
  [seed=  99] dann           AUC=0.662  (2.3s)
  Epoch [10/100], Loss: 0.5630 (class: 0.5160, MMD: 0.0910)
  Epoch [20/100], Loss: 0.4705 (class: 0.4602, MMD: 0.0589)
  Epoch [30/100], Loss: 0.4171 (class: 0.3961, MMD: 0.0691)
  Epoch [40/100], Loss: 0.4024 (class: 0.3261, MMD: 0.0972)
  Epoch [50/100], Loss: 0.3822 (class: 0.4339, MMD: 0.0682)
  Epoch [60/100], Loss: 0.3575 (class: 0.2913, MMD: 0.0808)
  Epoch [70/100], Loss: 0.3231 (class: 0.2490, MMD: 0.0788)
  Epoch [80/100], Loss: 0.2960 (class: 0.2342, MMD: 0.0633)
  Epoch [90/100], Loss: 0.2520 (class: 0.1984, MMD: 0.0717)
  Epoch [100/100], Loss: 0.2617 (class: 0.1543, MMD: 0.0813)
  [seed=  99] mmd            AUC=0.648  (3.3s)
  Epoch [10/100], Loss: 0.5155 (class: 0.5170, CORAL: 0.0016)
  Epoch [20/100], Loss: 0.4378 (class: 0.4663, CORAL: 0.0009)
  Epoch [30/100], Loss: 0.3678 (class: 0.3951, CORAL: 0.0008)
  Epoch [40/100], Loss: 0.3444 (class: 0.3268, CORAL: 0.0009)
  Epoch [50/100], Loss: 0.3284 (class: 0.4154, CORAL: 0.0006)
  Epoch [60/100], Loss: 0.2660 (class: 0.2713, CORAL: 0.0006)
  Epoch [70/100], Loss: 0.2567 (class: 0.2322, CORAL: 0.0006)
  Epoch [80/100], Loss: 0.2215 (class: 0.2070, CORAL: 0.0005)
  Epoch [90/100], Loss: 0.1916 (class: 0.1807, CORAL: 0.0007)
  Epoch [100/100], Loss: 0.1919 (class: 0.1367, CORAL: 0.0005)
  [seed=  99] coral          AUC=0.632  (2.3s)
  Epoch [10/100], Loss: 1.8437 (╬╗=0.213, class: 0.5280, domain: 1.3386)
  Epoch [20/100], Loss: 1.7710 (╬╗=0.372, class: 0.4774, domain: 1.3653)
  Epoch [30/100], Loss: 1.7777 (╬╗=0.449, class: 0.4516, domain: 1.3530)
  Epoch [40/100], Loss: 1.7142 (╬╗=0.481, class: 0.3865, domain: 1.3283)
  Epoch [50/100], Loss: 1.7347 (╬╗=0.493, class: 0.4613, domain: 1.3913)
  Epoch [60/100], Loss: 1.6989 (╬╗=0.497, class: 0.3558, domain: 1.3375)
  Epoch [70/100], Loss: 1.7058 (╬╗=0.499, class: 0.3332, domain: 1.3714)
  Epoch [80/100], Loss: 1.7047 (╬╗=0.500, class: 0.3278, domain: 1.3969)
  Epoch [90/100], Loss: 1.6707 (╬╗=0.500, class: 0.2909, domain: 1.3457)
  Epoch [100/100], Loss: 1.7004 (╬╗=0.500, class: 0.2959, domain: 1.3351)
  [seed=  99] cdan           AUC=0.648  (2.5s)
  Epoch [10/100], Loss: 0.4954 (class: 0.5206, contrastive: 0.0463, conf_samples: 21)
  Epoch [20/100], Loss: 0.4129 (class: 0.4505, contrastive: 0.0050, conf_samples: 35)
  Epoch [30/100], Loss: 0.3498 (class: 0.3938, contrastive: 0.0072, conf_samples: 41)
  Epoch [40/100], Loss: 0.3234 (class: 0.3174, contrastive: 0.0267, conf_samples: 44)
  Epoch [50/100], Loss: 0.3143 (class: 0.4313, contrastive: 0.0106, conf_samples: 47)
  Epoch [60/100], Loss: 0.2501 (class: 0.2699, contrastive: 0.0025, conf_samples: 50)
  Epoch [70/100], Loss: 0.2568 (class: 0.2402, contrastive: 0.0119, conf_samples: 52)
  Epoch [80/100], Loss: 0.2128 (class: 0.2104, contrastive: 0.0088, conf_samples: 52)
  Epoch [90/100], Loss: 0.1779 (class: 0.1716, contrastive: 0.0201, conf_samples: 53)
  Epoch [100/100], Loss: 0.1775 (class: 0.1349, contrastive: 0.0137, conf_samples: 52)
  [seed=  99] contrastive    AUC=0.675  (2.8s)
  Epoch [10/50], Loss: 0.4522
  Epoch [20/50], Loss: 0.3903
  Epoch [30/50], Loss: 0.3478
  Epoch [40/50], Loss: 0.3181
  Epoch [50/50], Loss: 0.3019
  [seed=  31] baseline       AUC=0.699  (0.6s)
  [seed=  31] svm_source     AUC=0.678  (0.0s)
  [seed=  31] subspace       AUC=0.678  (0.0s)
  Epoch [10/100], Loss: 1.8960 (╬╗=0.426, lr=0.000296, class: 0.5076, domain: 1.3535)
  Epoch [20/100], Loss: 1.8915 (╬╗=0.744, lr=0.000218, class: 0.4314, domain: 1.4267)
  Epoch [30/100], Loss: 1.8288 (╬╗=0.899, lr=0.000176, class: 0.4276, domain: 1.4534)
  Epoch [40/100], Loss: 1.8108 (╬╗=0.962, lr=0.000149, class: 0.4218, domain: 1.4234)
  Epoch [50/100], Loss: 1.8085 (╬╗=0.986, lr=0.000130, class: 0.4366, domain: 1.4148)
  Epoch [60/100], Loss: 1.7865 (╬╗=0.995, lr=0.000115, class: 0.3603, domain: 1.4014)
  Epoch [70/100], Loss: 1.7795 (╬╗=0.998, lr=0.000104, class: 0.3651, domain: 1.4062)
  Epoch [80/100], Loss: 1.7291 (╬╗=0.999, lr=0.000096, class: 0.3163, domain: 1.4033)
  Epoch [90/100], Loss: 1.7682 (╬╗=1.000, lr=0.000088, class: 0.3483, domain: 1.4172)
  Epoch [100/100], Loss: 1.7424 (╬╗=1.000, lr=0.000082, class: 0.2901, domain: 1.4019)
  [seed=  31] dann           AUC=0.703  (2.3s)
  Epoch [10/100], Loss: 0.5440 (class: 0.4915, MMD: 0.0678)
  Epoch [20/100], Loss: 0.4889 (class: 0.3710, MMD: 0.0627)
  Epoch [30/100], Loss: 0.4478 (class: 0.3854, MMD: 0.0778)
  Epoch [40/100], Loss: 0.3955 (class: 0.3164, MMD: 0.0673)
  Epoch [50/100], Loss: 0.3928 (class: 0.3596, MMD: 0.0739)
  Epoch [60/100], Loss: 0.3274 (class: 0.2276, MMD: 0.0794)
  Epoch [70/100], Loss: 0.3404 (class: 0.2644, MMD: 0.0641)
  Epoch [80/100], Loss: 0.3059 (class: 0.2603, MMD: 0.0518)
  Epoch [90/100], Loss: 0.2687 (class: 0.2551, MMD: 0.0531)
  Epoch [100/100], Loss: 0.2683 (class: 0.1636, MMD: 0.0613)
  [seed=  31] mmd            AUC=0.694  (3.1s)
  Epoch [10/100], Loss: 0.5042 (class: 0.4829, CORAL: 0.0011)
  Epoch [20/100], Loss: 0.4495 (class: 0.3675, CORAL: 0.0008)
  Epoch [30/100], Loss: 0.3820 (class: 0.3739, CORAL: 0.0007)
  Epoch [40/100], Loss: 0.3401 (class: 0.3063, CORAL: 0.0007)
  Epoch [50/100], Loss: 0.3211 (class: 0.3530, CORAL: 0.0006)
  Epoch [60/100], Loss: 0.2707 (class: 0.2261, CORAL: 0.0006)
  Epoch [70/100], Loss: 0.2837 (class: 0.2598, CORAL: 0.0005)
  Epoch [80/100], Loss: 0.2606 (class: 0.2559, CORAL: 0.0005)
  Epoch [90/100], Loss: 0.2277 (class: 0.2588, CORAL: 0.0005)
  Epoch [100/100], Loss: 0.2079 (class: 0.1622, CORAL: 0.0005)
  [seed=  31] coral          AUC=0.689  (2.2s)
  Epoch [10/100], Loss: 1.8540 (╬╗=0.213, class: 0.5099, domain: 1.3456)
  Epoch [20/100], Loss: 1.8155 (╬╗=0.372, class: 0.4250, domain: 1.3700)
  Epoch [30/100], Loss: 1.7302 (╬╗=0.449, class: 0.4209, domain: 1.3289)
  Epoch [40/100], Loss: 1.7559 (╬╗=0.481, class: 0.4114, domain: 1.3681)
  Epoch [50/100], Loss: 1.7630 (╬╗=0.493, class: 0.4242, domain: 1.3936)
  Epoch [60/100], Loss: 1.7442 (╬╗=0.497, class: 0.3482, domain: 1.3627)
  Epoch [70/100], Loss: 1.7351 (╬╗=0.499, class: 0.3485, domain: 1.3940)
  Epoch [80/100], Loss: 1.7095 (╬╗=0.500, class: 0.3037, domain: 1.4071)
  Epoch [90/100], Loss: 1.7018 (╬╗=0.500, class: 0.3314, domain: 1.3680)
  Epoch [100/100], Loss: 1.7097 (╬╗=0.500, class: 0.2778, domain: 1.3889)
  [seed=  31] cdan           AUC=0.684  (2.3s)
  Epoch [10/100], Loss: 0.4774 (class: 0.4935, contrastive: 0.0079, conf_samples: 26)
  Epoch [20/100], Loss: 0.4193 (class: 0.3646, contrastive: 0.0036, conf_samples: 38)
  Epoch [30/100], Loss: 0.3563 (class: 0.3729, contrastive: 0.0055, conf_samples: 42)
  Epoch [40/100], Loss: 0.3163 (class: 0.2954, contrastive: 0.0050, conf_samples: 45)
  Epoch [50/100], Loss: 0.2938 (class: 0.3384, contrastive: 0.0117, conf_samples: 41)
  Epoch [60/100], Loss: 0.2465 (class: 0.2128, contrastive: 0.0244, conf_samples: 43)
  Epoch [70/100], Loss: 0.2665 (class: 0.2525, contrastive: 0.0090, conf_samples: 46)
  Epoch [80/100], Loss: 0.2390 (class: 0.2458, contrastive: 0.0416, conf_samples: 48)
  Epoch [90/100], Loss: 0.2136 (class: 0.2332, contrastive: 0.0171, conf_samples: 58)
  Epoch [100/100], Loss: 0.1904 (class: 0.1333, contrastive: 0.0077, conf_samples: 50)
  [seed=  31] contrastive    AUC=0.704  (2.8s)
  Epoch [10/50], Loss: 0.4607
  Epoch [20/50], Loss: 0.4033
  Epoch [30/50], Loss: 0.3338
  Epoch [40/50], Loss: 0.3181
  Epoch [50/50], Loss: 0.2748
  [seed= 256] baseline       AUC=0.707  (0.6s)
  [seed= 256] svm_source     AUC=0.678  (0.0s)
  [seed= 256] subspace       AUC=0.678  (0.0s)
  Epoch [10/100], Loss: 1.8287 (╬╗=0.426, lr=0.000296, class: 0.4250, domain: 1.3871)
  Epoch [20/100], Loss: 1.7848 (╬╗=0.744, lr=0.000218, class: 0.4264, domain: 1.3642)
  Epoch [30/100], Loss: 1.7876 (╬╗=0.899, lr=0.000176, class: 0.3749, domain: 1.3834)
  Epoch [40/100], Loss: 1.7904 (╬╗=0.962, lr=0.000149, class: 0.3699, domain: 1.4229)
  Epoch [50/100], Loss: 1.7525 (╬╗=0.986, lr=0.000130, class: 0.3244, domain: 1.3535)
  Epoch [60/100], Loss: 1.7494 (╬╗=0.995, lr=0.000115, class: 0.3088, domain: 1.4057)
  Epoch [70/100], Loss: 1.7356 (╬╗=0.998, lr=0.000104, class: 0.3113, domain: 1.3744)
  Epoch [80/100], Loss: 1.7429 (╬╗=0.999, lr=0.000096, class: 0.3556, domain: 1.3934)
  Epoch [90/100], Loss: 1.7387 (╬╗=1.000, lr=0.000088, class: 0.3272, domain: 1.4169)
  Epoch [100/100], Loss: 1.7243 (╬╗=1.000, lr=0.000082, class: 0.2774, domain: 1.4150)
  [seed= 256] dann           AUC=0.750  (2.2s)
  Epoch [10/100], Loss: 0.5200 (class: 0.4103, MMD: 0.0805)
  Epoch [20/100], Loss: 0.4674 (class: 0.4177, MMD: 0.0736)
  Epoch [30/100], Loss: 0.3970 (class: 0.3220, MMD: 0.0737)
  Epoch [40/100], Loss: 0.3828 (class: 0.3063, MMD: 0.0537)
  Epoch [50/100], Loss: 0.3475 (class: 0.2269, MMD: 0.0756)
  Epoch [60/100], Loss: 0.3359 (class: 0.2048, MMD: 0.0842)
  Epoch [70/100], Loss: 0.3263 (class: 0.2121, MMD: 0.0756)
  Epoch [80/100], Loss: 0.2981 (class: 0.2467, MMD: 0.0754)
  Epoch [90/100], Loss: 0.2702 (class: 0.2077, MMD: 0.0606)
  Epoch [100/100], Loss: 0.2662 (class: 0.2263, MMD: 0.0715)
  [seed= 256] mmd            AUC=0.682  (3.2s)
  Epoch [10/100], Loss: 0.4785 (class: 0.4144, CORAL: 0.0013)
  Epoch [20/100], Loss: 0.4249 (class: 0.4203, CORAL: 0.0008)
  Epoch [30/100], Loss: 0.3481 (class: 0.3201, CORAL: 0.0008)
  Epoch [40/100], Loss: 0.3286 (class: 0.2960, CORAL: 0.0005)
  Epoch [50/100], Loss: 0.2858 (class: 0.2258, CORAL: 0.0006)
  Epoch [60/100], Loss: 0.2613 (class: 0.1908, CORAL: 0.0007)
  Epoch [70/100], Loss: 0.2664 (class: 0.2156, CORAL: 0.0006)
  Epoch [80/100], Loss: 0.2426 (class: 0.2451, CORAL: 0.0006)
  Epoch [90/100], Loss: 0.2158 (class: 0.2018, CORAL: 0.0006)
  Epoch [100/100], Loss: 0.2021 (class: 0.2057, CORAL: 0.0005)
  [seed= 256] coral          AUC=0.671  (2.3s)
  Epoch [10/100], Loss: 1.7932 (╬╗=0.213, class: 0.4244, domain: 1.3295)
  Epoch [20/100], Loss: 1.7501 (╬╗=0.372, class: 0.4221, domain: 1.3352)
  Epoch [30/100], Loss: 1.7203 (╬╗=0.449, class: 0.3718, domain: 1.3042)
  Epoch [40/100], Loss: 1.7241 (╬╗=0.481, class: 0.3692, domain: 1.3581)
  Epoch [50/100], Loss: 1.6912 (╬╗=0.493, class: 0.3166, domain: 1.3212)
  Epoch [60/100], Loss: 1.6896 (╬╗=0.497, class: 0.3096, domain: 1.3129)
  Epoch [70/100], Loss: 1.6991 (╬╗=0.499, class: 0.3055, domain: 1.3708)
  Epoch [80/100], Loss: 1.7152 (╬╗=0.500, class: 0.3450, domain: 1.3784)
  Epoch [90/100], Loss: 1.7095 (╬╗=0.500, class: 0.3305, domain: 1.3759)
  Epoch [100/100], Loss: 1.6978 (╬╗=0.500, class: 0.2872, domain: 1.3951)
  [seed= 256] cdan           AUC=0.696  (2.4s)
  Epoch [10/100], Loss: 0.4625 (class: 0.4284, contrastive: 0.0193, conf_samples: 23)
  Epoch [20/100], Loss: 0.4058 (class: 0.4164, contrastive: 0.0228, conf_samples: 34)
  Epoch [30/100], Loss: 0.3320 (class: 0.3187, contrastive: 0.0100, conf_samples: 43)
  Epoch [40/100], Loss: 0.3048 (class: 0.2864, contrastive: 0.0065, conf_samples: 40)
  Epoch [50/100], Loss: 0.2588 (class: 0.2093, contrastive: 0.0036, conf_samples: 44)
  Epoch [60/100], Loss: 0.2432 (class: 0.1934, contrastive: 0.0128, conf_samples: 47)
  Epoch [70/100], Loss: 0.2702 (class: 0.2177, contrastive: 0.0155, conf_samples: 47)
  Epoch [80/100], Loss: 0.2350 (class: 0.2486, contrastive: 0.0128, conf_samples: 46)
  Epoch [90/100], Loss: 0.2281 (class: 0.2026, contrastive: 0.1347, conf_samples: 52)
  Epoch [100/100], Loss: 0.1890 (class: 0.1758, contrastive: 0.0251, conf_samples: 52)
  [seed= 256] contrastive    AUC=0.702  (2.8s)
  Epoch [10/50], Loss: 0.4620
  Epoch [20/50], Loss: 0.3607
  Epoch [30/50], Loss: 0.3199
  Epoch [40/50], Loss: 0.2915
  Epoch [50/50], Loss: 0.2459
  [seed= 777] baseline       AUC=0.680  (0.7s)
  [seed= 777] svm_source     AUC=0.678  (0.0s)
  [seed= 777] subspace       AUC=0.678  (0.0s)
  Epoch [10/100], Loss: 1.8836 (╬╗=0.426, lr=0.000296, class: 0.5312, domain: 1.4146)
  Epoch [20/100], Loss: 1.8081 (╬╗=0.744, lr=0.000218, class: 0.4573, domain: 1.3767)
  Epoch [30/100], Loss: 1.8292 (╬╗=0.899, lr=0.000176, class: 0.4485, domain: 1.4275)
  Epoch [40/100], Loss: 1.8059 (╬╗=0.962, lr=0.000149, class: 0.3851, domain: 1.4248)
  Epoch [50/100], Loss: 1.7993 (╬╗=0.986, lr=0.000130, class: 0.4589, domain: 1.4334)
  Epoch [60/100], Loss: 1.7732 (╬╗=0.995, lr=0.000115, class: 0.3262, domain: 1.4212)
  Epoch [70/100], Loss: 1.7800 (╬╗=0.998, lr=0.000104, class: 0.3849, domain: 1.4248)
  Epoch [80/100], Loss: 1.7673 (╬╗=0.999, lr=0.000096, class: 0.3004, domain: 1.3997)
  Epoch [90/100], Loss: 1.7322 (╬╗=1.000, lr=0.000088, class: 0.2820, domain: 1.4041)
  Epoch [100/100], Loss: 1.7228 (╬╗=1.000, lr=0.000082, class: 0.2677, domain: 1.4226)
  [seed= 777] dann           AUC=0.667  (2.5s)
  Epoch [10/100], Loss: 0.5636 (class: 0.5209, MMD: 0.0834)
  Epoch [20/100], Loss: 0.4866 (class: 0.4274, MMD: 0.0810)
  Epoch [30/100], Loss: 0.4212 (class: 0.3717, MMD: 0.0567)
  Epoch [40/100], Loss: 0.3895 (class: 0.3135, MMD: 0.0644)
  Epoch [50/100], Loss: 0.3584 (class: 0.3623, MMD: 0.0751)
  Epoch [60/100], Loss: 0.3296 (class: 0.2169, MMD: 0.0717)
  Epoch [70/100], Loss: 0.3079 (class: 0.2918, MMD: 0.0584)
  Epoch [80/100], Loss: 0.2989 (class: 0.1769, MMD: 0.1024)
  Epoch [90/100], Loss: 0.2584 (class: 0.1555, MMD: 0.0562)
  Epoch [100/100], Loss: 0.2517 (class: 0.1643, MMD: 0.0543)
  [seed= 777] mmd            AUC=0.651  (3.3s)
  Epoch [10/100], Loss: 0.5239 (class: 0.4982, CORAL: 0.0014)
  Epoch [20/100], Loss: 0.4259 (class: 0.4240, CORAL: 0.0011)
  Epoch [30/100], Loss: 0.3711 (class: 0.3634, CORAL: 0.0007)
  Epoch [40/100], Loss: 0.3322 (class: 0.3036, CORAL: 0.0006)
  Epoch [50/100], Loss: 0.2902 (class: 0.3497, CORAL: 0.0007)
  Epoch [60/100], Loss: 0.2664 (class: 0.2042, CORAL: 0.0006)
  Epoch [70/100], Loss: 0.2421 (class: 0.2652, CORAL: 0.0005)
  Epoch [80/100], Loss: 0.2267 (class: 0.1684, CORAL: 0.0007)
  Epoch [90/100], Loss: 0.2008 (class: 0.1446, CORAL: 0.0005)
  Epoch [100/100], Loss: 0.2012 (class: 0.1499, CORAL: 0.0005)
  [seed= 777] coral          AUC=0.650  (2.2s)
  Epoch [10/100], Loss: 1.8628 (╬╗=0.213, class: 0.5312, domain: 1.3795)
  Epoch [20/100], Loss: 1.7556 (╬╗=0.372, class: 0.4541, domain: 1.3155)
  Epoch [30/100], Loss: 1.7496 (╬╗=0.449, class: 0.4392, domain: 1.3455)
  Epoch [40/100], Loss: 1.7482 (╬╗=0.481, class: 0.3783, domain: 1.3426)
  Epoch [50/100], Loss: 1.7410 (╬╗=0.493, class: 0.4454, domain: 1.3775)
  Epoch [60/100], Loss: 1.6975 (╬╗=0.497, class: 0.3129, domain: 1.3438)
  Epoch [70/100], Loss: 1.7358 (╬╗=0.499, class: 0.3733, domain: 1.4141)
  Epoch [80/100], Loss: 1.7284 (╬╗=0.500, class: 0.2869, domain: 1.3624)
  Epoch [90/100], Loss: 1.6935 (╬╗=0.500, class: 0.2669, domain: 1.4010)
  Epoch [100/100], Loss: 1.6707 (╬╗=0.500, class: 0.2455, domain: 1.4057)
  [seed= 777] cdan           AUC=0.625  (2.3s)
  Epoch [10/100], Loss: 0.5080 (class: 0.5442, contrastive: 0.0160, conf_samples: 19)
  Epoch [20/100], Loss: 0.4115 (class: 0.4271, contrastive: 0.0142, conf_samples: 32)
  Epoch [30/100], Loss: 0.3659 (class: 0.3781, contrastive: 0.0140, conf_samples: 39)
  Epoch [40/100], Loss: 0.3180 (class: 0.3102, contrastive: 0.0043, conf_samples: 42)
  Epoch [50/100], Loss: 0.2838 (class: 0.3557, contrastive: 0.0100, conf_samples: 49)
  Epoch [60/100], Loss: 0.2590 (class: 0.1996, contrastive: 0.0065, conf_samples: 44)
  Epoch [70/100], Loss: 0.2326 (class: 0.2657, contrastive: 0.0047, conf_samples: 50)
  Epoch [80/100], Loss: 0.2210 (class: 0.1738, contrastive: 0.0102, conf_samples: 53)
  Epoch [90/100], Loss: 0.1876 (class: 0.1430, contrastive: 0.0230, conf_samples: 50)
  Epoch [100/100], Loss: 0.1847 (class: 0.1444, contrastive: 0.0069, conf_samples: 57)
  [seed= 777] contrastive    AUC=0.668  (2.9s)
  Epoch [10/50], Loss: 0.4548
  Epoch [20/50], Loss: 0.3816
  Epoch [30/50], Loss: 0.3285
  Epoch [40/50], Loss: 0.2614
  Epoch [50/50], Loss: 0.2473
  [seed=1337] baseline       AUC=0.673  (0.6s)
  [seed=1337] svm_source     AUC=0.678  (0.0s)
  [seed=1337] subspace       AUC=0.678  (0.0s)
  Epoch [10/100], Loss: 1.8409 (╬╗=0.426, lr=0.000296, class: 0.5297, domain: 1.4072)
  Epoch [20/100], Loss: 1.8133 (╬╗=0.744, lr=0.000218, class: 0.4052, domain: 1.3934)
  Epoch [30/100], Loss: 1.7511 (╬╗=0.899, lr=0.000176, class: 0.3905, domain: 1.3962)
  Epoch [40/100], Loss: 1.7393 (╬╗=0.962, lr=0.000149, class: 0.3461, domain: 1.3884)
  Epoch [50/100], Loss: 1.7520 (╬╗=0.986, lr=0.000130, class: 0.3432, domain: 1.4081)
  Epoch [60/100], Loss: 1.7509 (╬╗=0.995, lr=0.000115, class: 0.3745, domain: 1.4370)
  Epoch [70/100], Loss: 1.6887 (╬╗=0.998, lr=0.000104, class: 0.2904, domain: 1.3847)
  Epoch [80/100], Loss: 1.7339 (╬╗=0.999, lr=0.000096, class: 0.3483, domain: 1.4190)
  Epoch [90/100], Loss: 1.7455 (╬╗=1.000, lr=0.000088, class: 0.4133, domain: 1.4205)
  Epoch [100/100], Loss: 1.7289 (╬╗=1.000, lr=0.000082, class: 0.2503, domain: 1.4109)
  [seed=1337] dann           AUC=0.647  (2.6s)
  Epoch [10/100], Loss: 0.5095 (class: 0.5217, MMD: 0.0657)
  Epoch [20/100], Loss: 0.4308 (class: 0.3678, MMD: 0.0729)
  Epoch [30/100], Loss: 0.4158 (class: 0.3543, MMD: 0.0772)
  Epoch [40/100], Loss: 0.3718 (class: 0.2984, MMD: 0.0613)
  Epoch [50/100], Loss: 0.3478 (class: 0.2755, MMD: 0.0659)
  Epoch [60/100], Loss: 0.3276 (class: 0.3276, MMD: 0.0662)
  Epoch [70/100], Loss: 0.3146 (class: 0.2497, MMD: 0.0567)
  Epoch [80/100], Loss: 0.2815 (class: 0.2195, MMD: 0.0546)
  Epoch [90/100], Loss: 0.2895 (class: 0.2807, MMD: 0.0571)
  Epoch [100/100], Loss: 0.2361 (class: 0.1766, MMD: 0.0616)
  [seed=1337] mmd            AUC=0.672  (3.2s)
  Epoch [10/100], Loss: 0.4893 (class: 0.5531, CORAL: 0.0014)
  Epoch [20/100], Loss: 0.3869 (class: 0.3623, CORAL: 0.0008)
  Epoch [30/100], Loss: 0.3687 (class: 0.3635, CORAL: 0.0009)
  Epoch [40/100], Loss: 0.3234 (class: 0.2935, CORAL: 0.0006)
  Epoch [50/100], Loss: 0.2863 (class: 0.2634, CORAL: 0.0005)
  Epoch [60/100], Loss: 0.2839 (class: 0.3366, CORAL: 0.0006)
  Epoch [70/100], Loss: 0.2579 (class: 0.2321, CORAL: 0.0006)
  Epoch [80/100], Loss: 0.2276 (class: 0.2125, CORAL: 0.0006)
  Epoch [90/100], Loss: 0.2377 (class: 0.2687, CORAL: 0.0007)
  Epoch [100/100], Loss: 0.1832 (class: 0.1521, CORAL: 0.0006)
  [seed=1337] coral          AUC=0.672  (2.3s)
  Epoch [10/100], Loss: 1.8172 (╬╗=0.213, class: 0.5302, domain: 1.3665)
  Epoch [20/100], Loss: 1.7628 (╬╗=0.372, class: 0.4016, domain: 1.3487)
  Epoch [30/100], Loss: 1.7030 (╬╗=0.449, class: 0.3822, domain: 1.3305)
  Epoch [40/100], Loss: 1.6822 (╬╗=0.481, class: 0.3420, domain: 1.3548)
  Epoch [50/100], Loss: 1.6835 (╬╗=0.493, class: 0.3287, domain: 1.3603)
  Epoch [60/100], Loss: 1.6837 (╬╗=0.497, class: 0.3714, domain: 1.3624)
  Epoch [70/100], Loss: 1.6489 (╬╗=0.499, class: 0.2783, domain: 1.3711)
  Epoch [80/100], Loss: 1.6969 (╬╗=0.500, class: 0.3374, domain: 1.3865)
  Epoch [90/100], Loss: 1.7040 (╬╗=0.500, class: 0.4011, domain: 1.3868)
  Epoch [100/100], Loss: 1.6856 (╬╗=0.500, class: 0.2415, domain: 1.3675)
  [seed=1337] cdan           AUC=0.651  (2.4s)
  Epoch [10/100], Loss: 0.4459 (class: 0.5275, contrastive: 0.0130, conf_samples: 33)
  Epoch [20/100], Loss: 0.3614 (class: 0.3566, contrastive: 0.0041, conf_samples: 38)
  Epoch [30/100], Loss: 0.3364 (class: 0.3594, contrastive: 0.0132, conf_samples: 47)
  Epoch [40/100], Loss: 0.2922 (class: 0.2852, contrastive: 0.0046, conf_samples: 47)
  Epoch [50/100], Loss: 0.2621 (class: 0.2581, contrastive: 0.0044, conf_samples: 49)
  Epoch [60/100], Loss: 0.2521 (class: 0.3137, contrastive: 0.0065, conf_samples: 49)
  Epoch [70/100], Loss: 0.2415 (class: 0.2309, contrastive: 0.0054, conf_samples: 53)
  Epoch [80/100], Loss: 0.1991 (class: 0.2052, contrastive: 0.0057, conf_samples: 56)
  Epoch [90/100], Loss: 0.2115 (class: 0.2608, contrastive: 0.0085, conf_samples: 52)
  Epoch [100/100], Loss: 0.1696 (class: 0.1532, contrastive: 0.0277, conf_samples: 55)
  [seed=1337] contrastive    AUC=0.662  (2.9s)
  Epoch [10/50], Loss: 0.4546
  Epoch [20/50], Loss: 0.3798
  Epoch [30/50], Loss: 0.3197
  Epoch [40/50], Loss: 0.2882
  Epoch [50/50], Loss: 0.2576
  [seed=   0] baseline       AUC=0.698  (0.7s)
  [seed=   0] svm_source     AUC=0.678  (0.0s)
  [seed=   0] subspace       AUC=0.678  (0.0s)
  Epoch [10/100], Loss: 1.8379 (╬╗=0.426, lr=0.000296, class: 0.4281, domain: 1.3735)
  Epoch [20/100], Loss: 1.7913 (╬╗=0.744, lr=0.000218, class: 0.3738, domain: 1.3857)
  Epoch [30/100], Loss: 1.8056 (╬╗=0.899, lr=0.000176, class: 0.3878, domain: 1.4229)
  Epoch [40/100], Loss: 1.7824 (╬╗=0.962, lr=0.000149, class: 0.3477, domain: 1.4314)
  Epoch [50/100], Loss: 1.7578 (╬╗=0.986, lr=0.000130, class: 0.3217, domain: 1.4225)
  Epoch [60/100], Loss: 1.7406 (╬╗=0.995, lr=0.000115, class: 0.3825, domain: 1.4276)
  Epoch [70/100], Loss: 1.7348 (╬╗=0.998, lr=0.000104, class: 0.3198, domain: 1.3880)
  Epoch [80/100], Loss: 1.7408 (╬╗=0.999, lr=0.000096, class: 0.3706, domain: 1.4318)
  Epoch [90/100], Loss: 1.7276 (╬╗=1.000, lr=0.000088, class: 0.2827, domain: 1.4005)
  Epoch [100/100], Loss: 1.7207 (╬╗=1.000, lr=0.000082, class: 0.2999, domain: 1.3873)
  [seed=   0] dann           AUC=0.684  (2.4s)
  Epoch [10/100], Loss: 0.5157 (class: 0.4390, MMD: 0.0827)
  Epoch [20/100], Loss: 0.4552 (class: 0.3574, MMD: 0.0588)
  Epoch [30/100], Loss: 0.3957 (class: 0.3357, MMD: 0.0617)
  Epoch [40/100], Loss: 0.3694 (class: 0.2879, MMD: 0.0622)
  Epoch [50/100], Loss: 0.3418 (class: 0.3202, MMD: 0.0569)
  Epoch [60/100], Loss: 0.2931 (class: 0.2228, MMD: 0.0500)
  Epoch [70/100], Loss: 0.3010 (class: 0.2341, MMD: 0.0753)
  Epoch [80/100], Loss: 0.2652 (class: 0.2114, MMD: 0.0467)
  Epoch [90/100], Loss: 0.2725 (class: 0.1432, MMD: 0.0705)
  Epoch [100/100], Loss: 0.2862 (class: 0.2273, MMD: 0.0728)
  [seed=   0] mmd            AUC=0.644  (3.4s)
  Epoch [10/100], Loss: 0.4705 (class: 0.4460, CORAL: 0.0009)
  Epoch [20/100], Loss: 0.4095 (class: 0.3548, CORAL: 0.0008)
  Epoch [30/100], Loss: 0.3509 (class: 0.3365, CORAL: 0.0008)
  Epoch [40/100], Loss: 0.3257 (class: 0.2846, CORAL: 0.0005)
  Epoch [50/100], Loss: 0.2903 (class: 0.3113, CORAL: 0.0006)
  Epoch [60/100], Loss: 0.2389 (class: 0.2141, CORAL: 0.0004)
  Epoch [70/100], Loss: 0.2360 (class: 0.2222, CORAL: 0.0005)
  Epoch [80/100], Loss: 0.2084 (class: 0.2072, CORAL: 0.0005)
  Epoch [90/100], Loss: 0.2064 (class: 0.1419, CORAL: 0.0005)
  Epoch [100/100], Loss: 0.2189 (class: 0.2098, CORAL: 0.0009)
  [seed=   0] coral          AUC=0.651  (2.4s)
  Epoch [10/100], Loss: 1.8074 (╬╗=0.213, class: 0.4275, domain: 1.3658)
  Epoch [20/100], Loss: 1.7297 (╬╗=0.372, class: 0.3678, domain: 1.3405)
  Epoch [30/100], Loss: 1.7399 (╬╗=0.449, class: 0.3783, domain: 1.3594)
  Epoch [40/100], Loss: 1.7227 (╬╗=0.481, class: 0.3371, domain: 1.3764)
  Epoch [50/100], Loss: 1.7150 (╬╗=0.493, class: 0.3104, domain: 1.3869)
  Epoch [60/100], Loss: 1.6799 (╬╗=0.497, class: 0.3674, domain: 1.3545)
  Epoch [70/100], Loss: 1.6853 (╬╗=0.499, class: 0.3001, domain: 1.3592)
  Epoch [80/100], Loss: 1.6825 (╬╗=0.500, class: 0.3568, domain: 1.3603)
  Epoch [90/100], Loss: 1.6813 (╬╗=0.500, class: 0.2677, domain: 1.3570)
  Epoch [100/100], Loss: 1.6492 (╬╗=0.500, class: 0.2927, domain: 1.3462)
  [seed=   0] cdan           AUC=0.646  (2.5s)
  Epoch [10/100], Loss: 0.4416 (class: 0.4399, contrastive: 0.0066, conf_samples: 26)
  Epoch [20/100], Loss: 0.3775 (class: 0.3414, contrastive: 0.0026, conf_samples: 37)
  Epoch [30/100], Loss: 0.3187 (class: 0.3273, contrastive: 0.0057, conf_samples: 38)
  Epoch [40/100], Loss: 0.2915 (class: 0.2696, contrastive: 0.0084, conf_samples: 40)
  Epoch [50/100], Loss: 0.2620 (class: 0.3010, contrastive: 0.0077, conf_samples: 47)
  Epoch [60/100], Loss: 0.2155 (class: 0.2010, contrastive: 0.0107, conf_samples: 52)
  Epoch [70/100], Loss: 0.2113 (class: 0.2136, contrastive: 0.0044, conf_samples: 49)
  Epoch [80/100], Loss: 0.1909 (class: 0.1819, contrastive: 0.0240, conf_samples: 52)
  Epoch [90/100], Loss: 0.1781 (class: 0.1295, contrastive: 0.0097, conf_samples: 43)
  Epoch [100/100], Loss: 0.1971 (class: 0.1877, contrastive: 0.0206, conf_samples: 48)
  [seed=   0] contrastive    AUC=0.656  (3.0s)

  S├║hrn met├│d (mean ┬▒ std AUC, paired bootstrap ╬ö vs baseline):
     method  auc_mean  auc_std  auc_min  auc_max  n_seeds  delta_vs_baseline  delta_ci_low  delta_ci_high  p_value_one_sided  significant_005
   baseline    0.6926   0.0129   0.6732   0.7066       10             0.0000        0.0000         0.0000                NaN            False
 svm_source    0.6779   0.0001   0.6777   0.6780       10            -0.0146       -0.0804         0.0679             0.6390            False
   subspace    0.6784   0.0001   0.6782   0.6784       10            -0.0142       -0.0787         0.0680             0.6330            False
       dann    0.6895   0.0325   0.6471   0.7496       10            -0.0031       -0.0717         0.0703             0.5230            False
        mmd    0.6662   0.0160   0.6441   0.6944       10            -0.0263       -0.1049         0.0375             0.7575            False
      coral    0.6628   0.0187   0.6315   0.6923       10            -0.0298       -0.1147         0.0456             0.7575            False
       cdan    0.6623   0.0229   0.6250   0.6962       10            -0.0302       -0.1013         0.0257             0.8205            False
contrastive    0.6718   0.0177   0.6528   0.7044       10            -0.0208       -0.1037         0.0534             0.6825            False

========================================================================
E2: Istanbul-pooled (B+C+D) ΓåÆ A (Oxford)
========================================================================
  Source: 240 vz., Target: 195 vz., 32 unik├ítnych pacientov
  Source class weights: [1.0, 1.0]
  Target test: 79 vz., PD=61, H=18
  Epoch [10/50], Loss: 0.5298
  Epoch [20/50], Loss: 0.4913
  Epoch [30/50], Loss: 0.4758
  Epoch [40/50], Loss: 0.3938
  Epoch [50/50], Loss: 0.3499
  [seed=  42] baseline       AUC=0.803  (0.7s)
  [seed=  42] svm_source     AUC=0.771  (0.0s)
  [seed=  42] subspace       AUC=0.772  (0.0s)
  Epoch [10/100], Loss: 1.8956 (╬╗=0.426, lr=0.000296, class: 0.4686, domain: 1.3947)
  Epoch [20/100], Loss: 1.8683 (╬╗=0.744, lr=0.000218, class: 0.4945, domain: 1.3918)
  Epoch [30/100], Loss: 1.8804 (╬╗=0.899, lr=0.000176, class: 0.4607, domain: 1.4233)
  Epoch [40/100], Loss: 1.8793 (╬╗=0.962, lr=0.000149, class: 0.4040, domain: 1.4091)
  Epoch [50/100], Loss: 1.8842 (╬╗=0.986, lr=0.000130, class: 0.4735, domain: 1.4516)
  Epoch [60/100], Loss: 1.8781 (╬╗=0.995, lr=0.000115, class: 0.5012, domain: 1.4362)
  Epoch [70/100], Loss: 1.8734 (╬╗=0.998, lr=0.000104, class: 0.4056, domain: 1.4103)
  Epoch [80/100], Loss: 1.8554 (╬╗=0.999, lr=0.000096, class: 0.5314, domain: 1.3989)
  Epoch [90/100], Loss: 1.8464 (╬╗=1.000, lr=0.000088, class: 0.5002, domain: 1.4279)
  Epoch [100/100], Loss: 1.8691 (╬╗=1.000, lr=0.000082, class: 0.4040, domain: 1.4195)
  [seed=  42] dann           AUC=0.804  (2.3s)
  Epoch [10/100], Loss: 0.5802 (class: 0.5049, MMD: 0.0800)
  Epoch [20/100], Loss: 0.5155 (class: 0.4160, MMD: 0.0718)
  Epoch [30/100], Loss: 0.5340 (class: 0.4238, MMD: 0.0623)
  Epoch [40/100], Loss: 0.4708 (class: 0.3768, MMD: 0.0660)
  Epoch [50/100], Loss: 0.4861 (class: 0.4501, MMD: 0.0658)
  Epoch [60/100], Loss: 0.4771 (class: 0.4251, MMD: 0.0727)
  Epoch [70/100], Loss: 0.4844 (class: 0.3640, MMD: 0.0616)
  Epoch [80/100], Loss: 0.4737 (class: 0.4405, MMD: 0.0856)
  Epoch [90/100], Loss: 0.4608 (class: 0.4426, MMD: 0.1225)
  Epoch [100/100], Loss: 0.4563 (class: 0.3571, MMD: 0.0559)
  [seed=  42] mmd            AUC=0.806  (3.1s)
  Epoch [10/100], Loss: 0.5690 (class: 0.4988, CORAL: 0.0025)
  Epoch [20/100], Loss: 0.4790 (class: 0.4318, CORAL: 0.0010)
  Epoch [30/100], Loss: 0.4929 (class: 0.4239, CORAL: 0.0008)
  Epoch [40/100], Loss: 0.4321 (class: 0.3714, CORAL: 0.0007)
  Epoch [50/100], Loss: 0.4463 (class: 0.4591, CORAL: 0.0006)
  Epoch [60/100], Loss: 0.4382 (class: 0.4240, CORAL: 0.0005)
  Epoch [70/100], Loss: 0.4378 (class: 0.3664, CORAL: 0.0005)
  Epoch [80/100], Loss: 0.4100 (class: 0.4234, CORAL: 0.0005)
  Epoch [90/100], Loss: 0.3794 (class: 0.4285, CORAL: 0.0005)
  Epoch [100/100], Loss: 0.4015 (class: 0.3639, CORAL: 0.0004)
  [seed=  42] coral          AUC=0.783  (2.2s)
  Epoch [10/100], Loss: 1.8652 (╬╗=0.213, class: 0.4693, domain: 1.3405)
  Epoch [20/100], Loss: 1.7917 (╬╗=0.372, class: 0.4915, domain: 1.3223)
  Epoch [30/100], Loss: 1.8044 (╬╗=0.449, class: 0.4594, domain: 1.3307)
  Epoch [40/100], Loss: 1.7882 (╬╗=0.481, class: 0.4010, domain: 1.3288)
  Epoch [50/100], Loss: 1.7776 (╬╗=0.493, class: 0.4703, domain: 1.3728)
  Epoch [60/100], Loss: 1.8064 (╬╗=0.497, class: 0.4805, domain: 1.3677)
  Epoch [70/100], Loss: 1.8249 (╬╗=0.499, class: 0.4002, domain: 1.3892)
  Epoch [80/100], Loss: 1.8412 (╬╗=0.500, class: 0.5226, domain: 1.4112)
  Epoch [90/100], Loss: 1.8050 (╬╗=0.500, class: 0.5052, domain: 1.3782)
  Epoch [100/100], Loss: 1.8316 (╬╗=0.500, class: 0.4033, domain: 1.4032)
  [seed=  42] cdan           AUC=0.795  (2.4s)
  Epoch [10/100], Loss: 0.5138 (class: 0.5013, contrastive: 0.0180, conf_samples: 19)
  Epoch [20/100], Loss: 0.4428 (class: 0.4202, contrastive: 0.0030, conf_samples: 34)
  Epoch [30/100], Loss: 0.4615 (class: 0.4185, contrastive: 0.0057, conf_samples: 45)
  Epoch [40/100], Loss: 0.4043 (class: 0.3603, contrastive: 0.0044, conf_samples: 43)
  Epoch [50/100], Loss: 0.4221 (class: 0.4525, contrastive: 0.0058, conf_samples: 44)
  Epoch [60/100], Loss: 0.4107 (class: 0.4162, contrastive: 0.0066, conf_samples: 40)
  Epoch [70/100], Loss: 0.4159 (class: 0.3490, contrastive: 0.0074, conf_samples: 47)
  Epoch [80/100], Loss: 0.3880 (class: 0.4218, contrastive: 0.0094, conf_samples: 43)
  Epoch [90/100], Loss: 0.3625 (class: 0.4262, contrastive: 0.0114, conf_samples: 51)
  Epoch [100/100], Loss: 0.3735 (class: 0.3426, contrastive: 0.0066, conf_samples: 51)
  [seed=  42] contrastive    AUC=0.801  (2.7s)
  Epoch [10/50], Loss: 0.5600
  Epoch [20/50], Loss: 0.4546
  Epoch [30/50], Loss: 0.4278
  Epoch [40/50], Loss: 0.4464
  Epoch [50/50], Loss: 0.4191
  [seed=   7] baseline       AUC=0.800  (0.7s)
  [seed=   7] svm_source     AUC=0.771  (0.0s)
  [seed=   7] subspace       AUC=0.772  (0.0s)
  Epoch [10/100], Loss: 1.9064 (╬╗=0.426, lr=0.000296, class: 0.5961, domain: 1.3819)
  Epoch [20/100], Loss: 1.8967 (╬╗=0.744, lr=0.000218, class: 0.4578, domain: 1.3868)
  Epoch [30/100], Loss: 1.8713 (╬╗=0.899, lr=0.000176, class: 0.4923, domain: 1.4320)
  Epoch [40/100], Loss: 1.8653 (╬╗=0.962, lr=0.000149, class: 0.4794, domain: 1.4180)
  Epoch [50/100], Loss: 1.8517 (╬╗=0.986, lr=0.000130, class: 0.4682, domain: 1.4149)
  Epoch [60/100], Loss: 1.8609 (╬╗=0.995, lr=0.000115, class: 0.4902, domain: 1.4157)
  Epoch [70/100], Loss: 1.8494 (╬╗=0.998, lr=0.000104, class: 0.4983, domain: 1.4004)
  Epoch [80/100], Loss: 1.8140 (╬╗=0.999, lr=0.000096, class: 0.5220, domain: 1.3676)
  Epoch [90/100], Loss: 1.8183 (╬╗=1.000, lr=0.000088, class: 0.4443, domain: 1.3889)
  Epoch [100/100], Loss: 1.8072 (╬╗=1.000, lr=0.000082, class: 0.3210, domain: 1.3929)
  [seed=   7] dann           AUC=0.788  (2.2s)
  Epoch [10/100], Loss: 0.6232 (class: 0.6210, MMD: 0.1183)
  Epoch [20/100], Loss: 0.5434 (class: 0.4330, MMD: 0.0753)
  Epoch [30/100], Loss: 0.4880 (class: 0.4574, MMD: 0.0673)
  Epoch [40/100], Loss: 0.4837 (class: 0.4417, MMD: 0.0802)
  Epoch [50/100], Loss: 0.4681 (class: 0.3878, MMD: 0.0712)
  Epoch [60/100], Loss: 0.4571 (class: 0.4311, MMD: 0.0589)
  Epoch [70/100], Loss: 0.4492 (class: 0.3508, MMD: 0.0630)
  Epoch [80/100], Loss: 0.4407 (class: 0.4581, MMD: 0.0698)
  Epoch [90/100], Loss: 0.4264 (class: 0.3722, MMD: 0.0685)
  Epoch [100/100], Loss: 0.4097 (class: 0.2229, MMD: 0.0506)
  [seed=   7] mmd            AUC=0.801  (3.2s)
  Epoch [10/100], Loss: 0.5744 (class: 0.6271, CORAL: 0.0013)
  Epoch [20/100], Loss: 0.4976 (class: 0.4403, CORAL: 0.0009)
  Epoch [30/100], Loss: 0.4479 (class: 0.4524, CORAL: 0.0006)
  Epoch [40/100], Loss: 0.4377 (class: 0.4432, CORAL: 0.0006)
  Epoch [50/100], Loss: 0.4236 (class: 0.3829, CORAL: 0.0006)
  Epoch [60/100], Loss: 0.4138 (class: 0.4291, CORAL: 0.0006)
  Epoch [70/100], Loss: 0.3908 (class: 0.3466, CORAL: 0.0006)
  Epoch [80/100], Loss: 0.3885 (class: 0.4541, CORAL: 0.0005)
  Epoch [90/100], Loss: 0.3837 (class: 0.3717, CORAL: 0.0005)
  Epoch [100/100], Loss: 0.3676 (class: 0.2123, CORAL: 0.0004)
  [seed=   7] coral          AUC=0.792  (2.5s)
  Epoch [10/100], Loss: 1.8768 (╬╗=0.213, class: 0.5962, domain: 1.3415)
  Epoch [20/100], Loss: 1.8455 (╬╗=0.372, class: 0.4549, domain: 1.3579)
  Epoch [30/100], Loss: 1.7820 (╬╗=0.449, class: 0.4823, domain: 1.3433)
  Epoch [40/100], Loss: 1.7984 (╬╗=0.481, class: 0.4788, domain: 1.3664)
  Epoch [50/100], Loss: 1.8009 (╬╗=0.493, class: 0.4639, domain: 1.3522)
  Epoch [60/100], Loss: 1.8016 (╬╗=0.497, class: 0.4783, domain: 1.3764)
  Epoch [70/100], Loss: 1.8264 (╬╗=0.499, class: 0.4889, domain: 1.3696)
  Epoch [80/100], Loss: 1.7999 (╬╗=0.500, class: 0.5215, domain: 1.3900)
  Epoch [90/100], Loss: 1.8128 (╬╗=0.500, class: 0.4436, domain: 1.3718)
  Epoch [100/100], Loss: 1.8110 (╬╗=0.500, class: 0.3158, domain: 1.4100)
  [seed=   7] cdan           AUC=0.786  (2.4s)
  Epoch [10/100], Loss: 0.5473 (class: 0.6202, contrastive: 0.0567, conf_samples: 27)
  Epoch [20/100], Loss: 0.4712 (class: 0.4314, contrastive: 0.0049, conf_samples: 43)
  Epoch [30/100], Loss: 0.4208 (class: 0.4600, contrastive: 0.0066, conf_samples: 46)
  Epoch [40/100], Loss: 0.4092 (class: 0.4291, contrastive: 0.0059, conf_samples: 46)
  Epoch [50/100], Loss: 0.3953 (class: 0.3757, contrastive: 0.0111, conf_samples: 44)
  Epoch [60/100], Loss: 0.3896 (class: 0.4313, contrastive: 0.0057, conf_samples: 50)
  Epoch [70/100], Loss: 0.3633 (class: 0.3350, contrastive: 0.0039, conf_samples: 48)
  Epoch [80/100], Loss: 0.3610 (class: 0.4325, contrastive: 0.0092, conf_samples: 53)
  Epoch [90/100], Loss: 0.3559 (class: 0.3672, contrastive: 0.0025, conf_samples: 50)
  Epoch [100/100], Loss: 0.3491 (class: 0.2112, contrastive: 0.0158, conf_samples: 48)
  [seed=   7] contrastive    AUC=0.798  (2.8s)
  Epoch [10/50], Loss: 0.5300
  Epoch [20/50], Loss: 0.4565
  Epoch [30/50], Loss: 0.4039
  Epoch [40/50], Loss: 0.4114
  Epoch [50/50], Loss: 0.4081
  [seed= 123] baseline       AUC=0.815  (0.6s)
  [seed= 123] svm_source     AUC=0.771  (0.0s)
  [seed= 123] subspace       AUC=0.773  (0.0s)
  Epoch [10/100], Loss: 1.9120 (╬╗=0.426, lr=0.000296, class: 0.4750, domain: 1.3744)
  Epoch [20/100], Loss: 1.8759 (╬╗=0.744, lr=0.000218, class: 0.4293, domain: 1.4226)
  Epoch [30/100], Loss: 1.9122 (╬╗=0.899, lr=0.000176, class: 0.4444, domain: 1.4115)
  Epoch [40/100], Loss: 1.9188 (╬╗=0.962, lr=0.000149, class: 0.5264, domain: 1.4476)
  Epoch [50/100], Loss: 1.8832 (╬╗=0.986, lr=0.000130, class: 0.4277, domain: 1.4101)
  Epoch [60/100], Loss: 1.8712 (╬╗=0.995, lr=0.000115, class: 0.4052, domain: 1.4182)
  Epoch [70/100], Loss: 1.8388 (╬╗=0.998, lr=0.000104, class: 0.4275, domain: 1.4073)
  Epoch [80/100], Loss: 1.8198 (╬╗=0.999, lr=0.000096, class: 0.3488, domain: 1.3929)
  Epoch [90/100], Loss: 1.8531 (╬╗=1.000, lr=0.000088, class: 0.4760, domain: 1.4082)
  Epoch [100/100], Loss: 1.8204 (╬╗=1.000, lr=0.000082, class: 0.4147, domain: 1.3699)
  [seed= 123] dann           AUC=0.813  (2.3s)
  Epoch [10/100], Loss: 0.5908 (class: 0.4700, MMD: 0.0660)
  Epoch [20/100], Loss: 0.5222 (class: 0.4385, MMD: 0.0663)
  Epoch [30/100], Loss: 0.5121 (class: 0.4061, MMD: 0.0683)
  Epoch [40/100], Loss: 0.4966 (class: 0.4990, MMD: 0.0726)
  Epoch [50/100], Loss: 0.4716 (class: 0.3947, MMD: 0.0614)
  Epoch [60/100], Loss: 0.5086 (class: 0.4355, MMD: 0.0830)
  Epoch [70/100], Loss: 0.4356 (class: 0.3828, MMD: 0.0546)
  Epoch [80/100], Loss: 0.4416 (class: 0.2278, MMD: 0.0852)
  Epoch [90/100], Loss: 0.4505 (class: 0.3992, MMD: 0.0524)
  Epoch [100/100], Loss: 0.4303 (class: 0.3435, MMD: 0.0742)
  [seed= 123] mmd            AUC=0.811  (3.4s)
  Epoch [10/100], Loss: 0.5781 (class: 0.4887, CORAL: 0.0015)
  Epoch [20/100], Loss: 0.4920 (class: 0.4431, CORAL: 0.0009)
  Epoch [30/100], Loss: 0.4691 (class: 0.4111, CORAL: 0.0008)
  Epoch [40/100], Loss: 0.4494 (class: 0.5067, CORAL: 0.0007)
  Epoch [50/100], Loss: 0.4328 (class: 0.3900, CORAL: 0.0007)
  Epoch [60/100], Loss: 0.4505 (class: 0.4304, CORAL: 0.0008)
  Epoch [70/100], Loss: 0.3981 (class: 0.3779, CORAL: 0.0004)
  Epoch [80/100], Loss: 0.3809 (class: 0.2227, CORAL: 0.0006)
  Epoch [90/100], Loss: 0.3922 (class: 0.3758, CORAL: 0.0004)
  Epoch [100/100], Loss: 0.3697 (class: 0.3415, CORAL: 0.0007)
  [seed= 123] coral          AUC=0.795  (2.4s)
  Epoch [10/100], Loss: 1.8793 (╬╗=0.213, class: 0.4746, domain: 1.3773)
  Epoch [20/100], Loss: 1.8244 (╬╗=0.372, class: 0.4249, domain: 1.3817)
  Epoch [30/100], Loss: 1.8407 (╬╗=0.449, class: 0.4404, domain: 1.3698)
  Epoch [40/100], Loss: 1.8526 (╬╗=0.481, class: 0.5268, domain: 1.3683)
  Epoch [50/100], Loss: 1.8492 (╬╗=0.493, class: 0.4250, domain: 1.3823)
  Epoch [60/100], Loss: 1.8356 (╬╗=0.497, class: 0.4048, domain: 1.3961)
  Epoch [70/100], Loss: 1.8317 (╬╗=0.499, class: 0.4104, domain: 1.3967)
  Epoch [80/100], Loss: 1.8117 (╬╗=0.500, class: 0.3431, domain: 1.4062)
  Epoch [90/100], Loss: 1.8323 (╬╗=0.500, class: 0.4761, domain: 1.3764)
  Epoch [100/100], Loss: 1.8183 (╬╗=0.500, class: 0.4008, domain: 1.3808)
  [seed= 123] cdan           AUC=0.812  (2.4s)
  Epoch [10/100], Loss: 0.5526 (class: 0.4936, contrastive: 0.0307, conf_samples: 22)
  Epoch [20/100], Loss: 0.4651 (class: 0.4484, contrastive: 0.0072, conf_samples: 37)
  Epoch [30/100], Loss: 0.4483 (class: 0.3994, contrastive: 0.0054, conf_samples: 36)
  Epoch [40/100], Loss: 0.4256 (class: 0.5087, contrastive: 0.0122, conf_samples: 41)
  Epoch [50/100], Loss: 0.4121 (class: 0.3868, contrastive: 0.0026, conf_samples: 41)
  Epoch [60/100], Loss: 0.4350 (class: 0.4357, contrastive: 0.0179, conf_samples: 40)
  Epoch [70/100], Loss: 0.3799 (class: 0.3813, contrastive: 0.0021, conf_samples: 40)
  Epoch [80/100], Loss: 0.3590 (class: 0.2190, contrastive: 0.0038, conf_samples: 42)
  Epoch [90/100], Loss: 0.3745 (class: 0.3739, contrastive: 0.0054, conf_samples: 46)
  Epoch [100/100], Loss: 0.3549 (class: 0.3536, contrastive: 0.0044, conf_samples: 47)
  [seed= 123] contrastive    AUC=0.801  (2.7s)
  Epoch [10/50], Loss: 0.5488
  Epoch [20/50], Loss: 0.4823
  Epoch [30/50], Loss: 0.4163
  Epoch [40/50], Loss: 0.4137
  Epoch [50/50], Loss: 0.4417
  [seed=2024] baseline       AUC=0.801  (0.6s)
  [seed=2024] svm_source     AUC=0.771  (0.0s)
  [seed=2024] subspace       AUC=0.772  (0.0s)
  Epoch [10/100], Loss: 1.8999 (╬╗=0.426, lr=0.000296, class: 0.4854, domain: 1.3801)
  Epoch [20/100], Loss: 1.8827 (╬╗=0.744, lr=0.000218, class: 0.5343, domain: 1.3814)
  Epoch [30/100], Loss: 1.8939 (╬╗=0.899, lr=0.000176, class: 0.4492, domain: 1.4189)
  Epoch [40/100], Loss: 1.8917 (╬╗=0.962, lr=0.000149, class: 0.4921, domain: 1.4125)
  Epoch [50/100], Loss: 1.8709 (╬╗=0.986, lr=0.000130, class: 0.4514, domain: 1.4135)
  Epoch [60/100], Loss: 1.8464 (╬╗=0.995, lr=0.000115, class: 0.4594, domain: 1.4238)
  Epoch [70/100], Loss: 1.8535 (╬╗=0.998, lr=0.000104, class: 0.4776, domain: 1.3847)
  Epoch [80/100], Loss: 1.8376 (╬╗=0.999, lr=0.000096, class: 0.3730, domain: 1.4026)
  Epoch [90/100], Loss: 1.8334 (╬╗=1.000, lr=0.000088, class: 0.4765, domain: 1.3799)
  Epoch [100/100], Loss: 1.8073 (╬╗=1.000, lr=0.000082, class: 0.4275, domain: 1.4437)
  [seed=2024] dann           AUC=0.809  (2.2s)
  Epoch [10/100], Loss: 0.5891 (class: 0.4886, MMD: 0.0755)
  Epoch [20/100], Loss: 0.5430 (class: 0.4921, MMD: 0.0807)
  Epoch [30/100], Loss: 0.5254 (class: 0.4511, MMD: 0.0720)
  Epoch [40/100], Loss: 0.4794 (class: 0.4355, MMD: 0.0639)
  Epoch [50/100], Loss: 0.4672 (class: 0.3762, MMD: 0.0870)
  Epoch [60/100], Loss: 0.4587 (class: 0.4266, MMD: 0.0688)
  Epoch [70/100], Loss: 0.4661 (class: 0.3850, MMD: 0.0632)
  Epoch [80/100], Loss: 0.4798 (class: 0.3175, MMD: 0.1208)
  Epoch [90/100], Loss: 0.4227 (class: 0.3948, MMD: 0.0589)
  Epoch [100/100], Loss: 0.4175 (class: 0.4249, MMD: 0.0566)
  [seed=2024] mmd            AUC=0.829  (3.2s)
  Epoch [10/100], Loss: 0.5726 (class: 0.5140, CORAL: 0.0015)
  Epoch [20/100], Loss: 0.5057 (class: 0.5067, CORAL: 0.0010)
  Epoch [30/100], Loss: 0.4687 (class: 0.4621, CORAL: 0.0006)
  Epoch [40/100], Loss: 0.4331 (class: 0.4235, CORAL: 0.0008)
  Epoch [50/100], Loss: 0.4126 (class: 0.3834, CORAL: 0.0005)
  Epoch [60/100], Loss: 0.4036 (class: 0.4155, CORAL: 0.0006)
  Epoch [70/100], Loss: 0.4127 (class: 0.3787, CORAL: 0.0004)
  Epoch [80/100], Loss: 0.4177 (class: 0.3325, CORAL: 0.0006)
  Epoch [90/100], Loss: 0.3725 (class: 0.3839, CORAL: 0.0004)
  Epoch [100/100], Loss: 0.3635 (class: 0.4356, CORAL: 0.0003)
  [seed=2024] coral          AUC=0.819  (2.2s)
  Epoch [10/100], Loss: 1.8848 (╬╗=0.213, class: 0.4856, domain: 1.3623)
  Epoch [20/100], Loss: 1.8500 (╬╗=0.372, class: 0.5346, domain: 1.3211)
  Epoch [30/100], Loss: 1.8174 (╬╗=0.449, class: 0.4398, domain: 1.3457)
  Epoch [40/100], Loss: 1.7998 (╬╗=0.481, class: 0.4849, domain: 1.3505)
  Epoch [50/100], Loss: 1.8202 (╬╗=0.493, class: 0.4400, domain: 1.3882)
  Epoch [60/100], Loss: 1.7639 (╬╗=0.497, class: 0.4518, domain: 1.3377)
  Epoch [70/100], Loss: 1.8223 (╬╗=0.499, class: 0.4691, domain: 1.3829)
  Epoch [80/100], Loss: 1.7863 (╬╗=0.500, class: 0.3590, domain: 1.3584)
  Epoch [90/100], Loss: 1.7868 (╬╗=0.500, class: 0.4719, domain: 1.3290)
  Epoch [100/100], Loss: 1.7905 (╬╗=0.500, class: 0.4206, domain: 1.3948)
  [seed=2024] cdan           AUC=0.811  (2.5s)
  Epoch [10/100], Loss: 0.5461 (class: 0.5117, contrastive: 0.0298, conf_samples: 24)
  Epoch [20/100], Loss: 0.4774 (class: 0.4964, contrastive: 0.0190, conf_samples: 27)
  Epoch [30/100], Loss: 0.4419 (class: 0.4547, contrastive: 0.0044, conf_samples: 37)
  Epoch [40/100], Loss: 0.4158 (class: 0.4194, contrastive: 0.0014, conf_samples: 35)
  Epoch [50/100], Loss: 0.3940 (class: 0.3682, contrastive: 0.0050, conf_samples: 42)
  Epoch [60/100], Loss: 0.3887 (class: 0.4308, contrastive: 0.0051, conf_samples: 42)
  Epoch [70/100], Loss: 0.3844 (class: 0.3612, contrastive: 0.0018, conf_samples: 47)
  Epoch [80/100], Loss: 0.3908 (class: 0.3144, contrastive: 0.0011, conf_samples: 41)
  Epoch [90/100], Loss: 0.3543 (class: 0.3766, contrastive: 0.0046, conf_samples: 40)
  Epoch [100/100], Loss: 0.3422 (class: 0.4225, contrastive: 0.0028, conf_samples: 45)
  [seed=2024] contrastive    AUC=0.818  (2.8s)
  Epoch [10/50], Loss: 0.5408
  Epoch [20/50], Loss: 0.4575
  Epoch [30/50], Loss: 0.4500
  Epoch [40/50], Loss: 0.4057
  Epoch [50/50], Loss: 0.4193
  [seed=  99] baseline       AUC=0.782  (0.7s)
  [seed=  99] svm_source     AUC=0.770  (0.0s)
  [seed=  99] subspace       AUC=0.772  (0.0s)
  Epoch [10/100], Loss: 1.9116 (╬╗=0.426, lr=0.000296, class: 0.6023, domain: 1.3669)
  Epoch [20/100], Loss: 1.9045 (╬╗=0.744, lr=0.000218, class: 0.4380, domain: 1.4160)
  Epoch [30/100], Loss: 1.9320 (╬╗=0.899, lr=0.000176, class: 0.4873, domain: 1.4275)
  Epoch [40/100], Loss: 1.8452 (╬╗=0.962, lr=0.000149, class: 0.4038, domain: 1.4039)
  Epoch [50/100], Loss: 1.8705 (╬╗=0.986, lr=0.000130, class: 0.4681, domain: 1.4105)
  Epoch [60/100], Loss: 1.8616 (╬╗=0.995, lr=0.000115, class: 0.4585, domain: 1.4098)
  Epoch [70/100], Loss: 1.8656 (╬╗=0.998, lr=0.000104, class: 0.3919, domain: 1.4287)
  Epoch [80/100], Loss: 1.8635 (╬╗=0.999, lr=0.000096, class: 0.4432, domain: 1.4304)
  Epoch [90/100], Loss: 1.8378 (╬╗=1.000, lr=0.000088, class: 0.4934, domain: 1.3964)
  Epoch [100/100], Loss: 1.8469 (╬╗=1.000, lr=0.000082, class: 0.4392, domain: 1.4120)
  [seed=  99] dann           AUC=0.755  (3.1s)
  Epoch [10/100], Loss: 0.6158 (class: 0.5722, MMD: 0.0635)
  Epoch [20/100], Loss: 0.5606 (class: 0.3989, MMD: 0.0766)
  Epoch [30/100], Loss: 0.5515 (class: 0.4207, MMD: 0.0818)
  Epoch [40/100], Loss: 0.4828 (class: 0.3825, MMD: 0.0841)
  Epoch [50/100], Loss: 0.4740 (class: 0.4192, MMD: 0.0652)
  Epoch [60/100], Loss: 0.4829 (class: 0.4019, MMD: 0.0959)
  Epoch [70/100], Loss: 0.4434 (class: 0.3324, MMD: 0.0569)
  Epoch [80/100], Loss: 0.4697 (class: 0.3861, MMD: 0.0693)
  Epoch [90/100], Loss: 0.4515 (class: 0.4055, MMD: 0.0663)
  Epoch [100/100], Loss: 0.4150 (class: 0.3658, MMD: 0.0504)
  [seed=  99] mmd            AUC=0.788  (3.3s)
  Epoch [10/100], Loss: 0.6121 (class: 0.5854, CORAL: 0.0019)
  Epoch [20/100], Loss: 0.5260 (class: 0.4058, CORAL: 0.0015)
  Epoch [30/100], Loss: 0.5162 (class: 0.4325, CORAL: 0.0006)
  Epoch [40/100], Loss: 0.4447 (class: 0.3964, CORAL: 0.0008)
  Epoch [50/100], Loss: 0.4409 (class: 0.4413, CORAL: 0.0006)
  Epoch [60/100], Loss: 0.4145 (class: 0.4054, CORAL: 0.0006)
  Epoch [70/100], Loss: 0.3999 (class: 0.3477, CORAL: 0.0005)
  Epoch [80/100], Loss: 0.4163 (class: 0.3862, CORAL: 0.0005)
  Epoch [90/100], Loss: 0.3829 (class: 0.3975, CORAL: 0.0005)
  Epoch [100/100], Loss: 0.3699 (class: 0.3723, CORAL: 0.0006)
  [seed=  99] coral          AUC=0.788  (2.3s)
  Epoch [10/100], Loss: 1.9117 (╬╗=0.213, class: 0.6016, domain: 1.3695)
  Epoch [20/100], Loss: 1.8533 (╬╗=0.372, class: 0.4373, domain: 1.3469)
  Epoch [30/100], Loss: 1.8363 (╬╗=0.449, class: 0.4814, domain: 1.3395)
  Epoch [40/100], Loss: 1.7691 (╬╗=0.481, class: 0.3943, domain: 1.3529)
  Epoch [50/100], Loss: 1.7831 (╬╗=0.493, class: 0.4667, domain: 1.3094)
  Epoch [60/100], Loss: 1.7977 (╬╗=0.497, class: 0.4515, domain: 1.3616)
  Epoch [70/100], Loss: 1.8243 (╬╗=0.499, class: 0.3886, domain: 1.3803)
  Epoch [80/100], Loss: 1.8193 (╬╗=0.500, class: 0.4313, domain: 1.3894)
  Epoch [90/100], Loss: 1.8219 (╬╗=0.500, class: 0.4897, domain: 1.3632)
  Epoch [100/100], Loss: 1.8065 (╬╗=0.500, class: 0.4191, domain: 1.3963)
  [seed=  99] cdan           AUC=0.750  (3.0s)
  Epoch [10/100], Loss: 0.6008 (class: 0.5823, contrastive: 0.0291, conf_samples: 13)
  Epoch [20/100], Loss: 0.4948 (class: 0.3971, contrastive: 0.0063, conf_samples: 32)
  Epoch [30/100], Loss: 0.4835 (class: 0.4154, contrastive: 0.0019, conf_samples: 38)
  Epoch [40/100], Loss: 0.4190 (class: 0.3823, contrastive: 0.0031, conf_samples: 40)
  Epoch [50/100], Loss: 0.4168 (class: 0.4361, contrastive: 0.0055, conf_samples: 43)
  Epoch [60/100], Loss: 0.3933 (class: 0.4027, contrastive: 0.0116, conf_samples: 44)
  Epoch [70/100], Loss: 0.3774 (class: 0.3342, contrastive: 0.0039, conf_samples: 42)
  Epoch [80/100], Loss: 0.3986 (class: 0.3768, contrastive: 0.0048, conf_samples: 51)
  Epoch [90/100], Loss: 0.3740 (class: 0.4037, contrastive: 0.0034, conf_samples: 40)
  Epoch [100/100], Loss: 0.3541 (class: 0.3589, contrastive: 0.0047, conf_samples: 41)
  [seed=  99] contrastive    AUC=0.784  (3.0s)
  Epoch [10/50], Loss: 0.5386
  Epoch [20/50], Loss: 0.4430
  Epoch [30/50], Loss: 0.4268
  Epoch [40/50], Loss: 0.4167
  Epoch [50/50], Loss: 0.4054
  [seed=  31] baseline       AUC=0.813  (0.7s)
  [seed=  31] svm_source     AUC=0.770  (0.0s)
  [seed=  31] subspace       AUC=0.772  (0.0s)
  Epoch [10/100], Loss: 1.9185 (╬╗=0.426, lr=0.000296, class: 0.5695, domain: 1.3761)
  Epoch [20/100], Loss: 1.8949 (╬╗=0.744, lr=0.000218, class: 0.5578, domain: 1.4209)
  Epoch [30/100], Loss: 1.8720 (╬╗=0.899, lr=0.000176, class: 0.5131, domain: 1.4275)
  Epoch [40/100], Loss: 1.8857 (╬╗=0.962, lr=0.000149, class: 0.5222, domain: 1.4243)
  Epoch [50/100], Loss: 1.8367 (╬╗=0.986, lr=0.000130, class: 0.4302, domain: 1.4045)
  Epoch [60/100], Loss: 1.8540 (╬╗=0.995, lr=0.000115, class: 0.4298, domain: 1.3756)
  Epoch [70/100], Loss: 1.8440 (╬╗=0.998, lr=0.000104, class: 0.3933, domain: 1.4275)
  Epoch [80/100], Loss: 1.8472 (╬╗=0.999, lr=0.000096, class: 0.4607, domain: 1.3891)
  Epoch [90/100], Loss: 1.8419 (╬╗=1.000, lr=0.000088, class: 0.4287, domain: 1.3969)
  Epoch [100/100], Loss: 1.7971 (╬╗=1.000, lr=0.000082, class: 0.4011, domain: 1.4068)
  [seed=  31] dann           AUC=0.772  (2.4s)
  Epoch [10/100], Loss: 0.5857 (class: 0.5553, MMD: 0.0660)
  Epoch [20/100], Loss: 0.5430 (class: 0.5137, MMD: 0.0750)
  Epoch [30/100], Loss: 0.5017 (class: 0.4980, MMD: 0.0624)
  Epoch [40/100], Loss: 0.5001 (class: 0.4723, MMD: 0.0723)
  Epoch [50/100], Loss: 0.4594 (class: 0.3441, MMD: 0.0822)
  Epoch [60/100], Loss: 0.4814 (class: 0.3659, MMD: 0.0660)
  Epoch [70/100], Loss: 0.4527 (class: 0.3493, MMD: 0.0578)
  Epoch [80/100], Loss: 0.4577 (class: 0.4088, MMD: 0.0569)
  Epoch [90/100], Loss: 0.4347 (class: 0.3474, MMD: 0.0654)
  Epoch [100/100], Loss: 0.3879 (class: 0.2944, MMD: 0.0554)
  [seed=  31] mmd            AUC=0.800  (3.4s)
  Epoch [10/100], Loss: 0.5535 (class: 0.5711, CORAL: 0.0011)
  Epoch [20/100], Loss: 0.5099 (class: 0.5297, CORAL: 0.0012)
  Epoch [30/100], Loss: 0.4641 (class: 0.5057, CORAL: 0.0009)
  Epoch [40/100], Loss: 0.4554 (class: 0.4834, CORAL: 0.0006)
  Epoch [50/100], Loss: 0.4188 (class: 0.3750, CORAL: 0.0009)
  Epoch [60/100], Loss: 0.4273 (class: 0.3595, CORAL: 0.0005)
  Epoch [70/100], Loss: 0.3922 (class: 0.3535, CORAL: 0.0005)
  Epoch [80/100], Loss: 0.4053 (class: 0.3978, CORAL: 0.0004)
  Epoch [90/100], Loss: 0.3632 (class: 0.3379, CORAL: 0.0004)
  Epoch [100/100], Loss: 0.3465 (class: 0.2844, CORAL: 0.0005)
  [seed=  31] coral          AUC=0.796  (2.4s)
  Epoch [10/100], Loss: 1.8833 (╬╗=0.213, class: 0.5690, domain: 1.3714)
  Epoch [20/100], Loss: 1.8253 (╬╗=0.372, class: 0.5529, domain: 1.3261)
  Epoch [30/100], Loss: 1.8193 (╬╗=0.449, class: 0.5163, domain: 1.3311)
  Epoch [40/100], Loss: 1.8407 (╬╗=0.481, class: 0.5192, domain: 1.3807)
  Epoch [50/100], Loss: 1.7912 (╬╗=0.493, class: 0.4271, domain: 1.3524)
  Epoch [60/100], Loss: 1.8025 (╬╗=0.497, class: 0.4167, domain: 1.3584)
  Epoch [70/100], Loss: 1.8243 (╬╗=0.499, class: 0.3913, domain: 1.4191)
  Epoch [80/100], Loss: 1.8424 (╬╗=0.500, class: 0.4642, domain: 1.4146)
  Epoch [90/100], Loss: 1.8405 (╬╗=0.500, class: 0.4209, domain: 1.4010)
  Epoch [100/100], Loss: 1.7890 (╬╗=0.500, class: 0.3915, domain: 1.3939)
  [seed=  31] cdan           AUC=0.780  (2.5s)
  Epoch [10/100], Loss: 0.5456 (class: 0.5695, contrastive: 0.0279, conf_samples: 19)
  Epoch [20/100], Loss: 0.4707 (class: 0.5247, contrastive: 0.0132, conf_samples: 40)
  Epoch [30/100], Loss: 0.4391 (class: 0.5069, contrastive: 0.0108, conf_samples: 44)
  Epoch [40/100], Loss: 0.4330 (class: 0.4773, contrastive: 0.0054, conf_samples: 46)
  Epoch [50/100], Loss: 0.3851 (class: 0.3448, contrastive: 0.0023, conf_samples: 38)
  Epoch [60/100], Loss: 0.4053 (class: 0.3572, contrastive: 0.0027, conf_samples: 43)
  Epoch [70/100], Loss: 0.3767 (class: 0.3457, contrastive: 0.0070, conf_samples: 40)
  Epoch [80/100], Loss: 0.3979 (class: 0.4016, contrastive: 0.0051, conf_samples: 47)
  Epoch [90/100], Loss: 0.3534 (class: 0.3269, contrastive: 0.0012, conf_samples: 39)
  Epoch [100/100], Loss: 0.3283 (class: 0.2906, contrastive: 0.0029, conf_samples: 47)
  [seed=  31] contrastive    AUC=0.784  (2.8s)
  Epoch [10/50], Loss: 0.5279
  Epoch [20/50], Loss: 0.4237
  Epoch [30/50], Loss: 0.4070
  Epoch [40/50], Loss: 0.4247
  Epoch [50/50], Loss: 0.3981
  [seed= 256] baseline       AUC=0.773  (0.6s)
  [seed= 256] svm_source     AUC=0.770  (0.0s)
  [seed= 256] subspace       AUC=0.772  (0.0s)
  Epoch [10/100], Loss: 1.9099 (╬╗=0.426, lr=0.000296, class: 0.5367, domain: 1.4166)
  Epoch [20/100], Loss: 1.8585 (╬╗=0.744, lr=0.000218, class: 0.4657, domain: 1.3967)
  Epoch [30/100], Loss: 1.8840 (╬╗=0.899, lr=0.000176, class: 0.4280, domain: 1.4201)
  Epoch [40/100], Loss: 1.8750 (╬╗=0.962, lr=0.000149, class: 0.4578, domain: 1.4149)
  Epoch [50/100], Loss: 1.8645 (╬╗=0.986, lr=0.000130, class: 0.4087, domain: 1.4107)
  Epoch [60/100], Loss: 1.8841 (╬╗=0.995, lr=0.000115, class: 0.5263, domain: 1.4306)
  Epoch [70/100], Loss: 1.8766 (╬╗=0.998, lr=0.000104, class: 0.4048, domain: 1.3952)
  Epoch [80/100], Loss: 1.8536 (╬╗=0.999, lr=0.000096, class: 0.3854, domain: 1.3996)
  Epoch [90/100], Loss: 1.8708 (╬╗=1.000, lr=0.000088, class: 0.5014, domain: 1.4018)
  Epoch [100/100], Loss: 1.8390 (╬╗=1.000, lr=0.000082, class: 0.4250, domain: 1.4183)
  [seed= 256] dann           AUC=0.786  (2.4s)
  Epoch [10/100], Loss: 0.5895 (class: 0.5169, MMD: 0.0649)
  Epoch [20/100], Loss: 0.5428 (class: 0.4720, MMD: 0.0633)
  Epoch [30/100], Loss: 0.5169 (class: 0.3746, MMD: 0.0879)
  Epoch [40/100], Loss: 0.4698 (class: 0.4304, MMD: 0.0712)
  Epoch [50/100], Loss: 0.4567 (class: 0.3885, MMD: 0.0632)
  Epoch [60/100], Loss: 0.4887 (class: 0.4624, MMD: 0.0657)
  Epoch [70/100], Loss: 0.4874 (class: 0.3760, MMD: 0.0667)
  Epoch [80/100], Loss: 0.4511 (class: 0.3153, MMD: 0.0679)
  Epoch [90/100], Loss: 0.4556 (class: 0.4181, MMD: 0.0576)
  Epoch [100/100], Loss: 0.4630 (class: 0.3363, MMD: 0.0981)
  [seed= 256] mmd            AUC=0.789  (3.4s)
  Epoch [10/100], Loss: 0.5796 (class: 0.5316, CORAL: 0.0013)
  Epoch [20/100], Loss: 0.5207 (class: 0.4854, CORAL: 0.0010)
  Epoch [30/100], Loss: 0.4787 (class: 0.3683, CORAL: 0.0008)
  Epoch [40/100], Loss: 0.4283 (class: 0.4236, CORAL: 0.0007)
  Epoch [50/100], Loss: 0.4196 (class: 0.3965, CORAL: 0.0007)
  Epoch [60/100], Loss: 0.4380 (class: 0.4469, CORAL: 0.0006)
  Epoch [70/100], Loss: 0.4366 (class: 0.3825, CORAL: 0.0005)
  Epoch [80/100], Loss: 0.3925 (class: 0.3052, CORAL: 0.0005)
  Epoch [90/100], Loss: 0.4084 (class: 0.4093, CORAL: 0.0006)
  Epoch [100/100], Loss: 0.3893 (class: 0.3343, CORAL: 0.0004)
  [seed= 256] coral          AUC=0.785  (2.3s)
  Epoch [10/100], Loss: 1.8682 (╬╗=0.213, class: 0.5369, domain: 1.3720)
  Epoch [20/100], Loss: 1.8279 (╬╗=0.372, class: 0.4660, domain: 1.3746)
  Epoch [30/100], Loss: 1.8304 (╬╗=0.449, class: 0.4255, domain: 1.3478)
  Epoch [40/100], Loss: 1.8071 (╬╗=0.481, class: 0.4597, domain: 1.3252)
  Epoch [50/100], Loss: 1.8090 (╬╗=0.493, class: 0.4079, domain: 1.3699)
  Epoch [60/100], Loss: 1.8214 (╬╗=0.497, class: 0.5312, domain: 1.3475)
  Epoch [70/100], Loss: 1.8389 (╬╗=0.499, class: 0.4011, domain: 1.3884)
  Epoch [80/100], Loss: 1.8312 (╬╗=0.500, class: 0.3727, domain: 1.3905)
  Epoch [90/100], Loss: 1.8368 (╬╗=0.500, class: 0.4886, domain: 1.3905)
  Epoch [100/100], Loss: 1.8089 (╬╗=0.500, class: 0.4207, domain: 1.3828)
  [seed= 256] cdan           AUC=0.771  (2.5s)
  Epoch [10/100], Loss: 0.5292 (class: 0.5251, contrastive: 0.0217, conf_samples: 34)
  Epoch [20/100], Loss: 0.4881 (class: 0.4747, contrastive: 0.0096, conf_samples: 41)
  Epoch [30/100], Loss: 0.4503 (class: 0.3643, contrastive: 0.0029, conf_samples: 40)
  Epoch [40/100], Loss: 0.3998 (class: 0.4211, contrastive: 0.0049, conf_samples: 45)
  Epoch [50/100], Loss: 0.3896 (class: 0.3806, contrastive: 0.0064, conf_samples: 45)
  Epoch [60/100], Loss: 0.4173 (class: 0.4495, contrastive: 0.0110, conf_samples: 48)
  Epoch [70/100], Loss: 0.4037 (class: 0.3637, contrastive: 0.0064, conf_samples: 44)
  Epoch [80/100], Loss: 0.3700 (class: 0.2985, contrastive: 0.0082, conf_samples: 41)
  Epoch [90/100], Loss: 0.3803 (class: 0.4095, contrastive: 0.0087, conf_samples: 48)
  Epoch [100/100], Loss: 0.3553 (class: 0.3150, contrastive: 0.0050, conf_samples: 43)
  [seed= 256] contrastive    AUC=0.783  (2.9s)
  Epoch [10/50], Loss: 0.5237
  Epoch [20/50], Loss: 0.4774
  Epoch [30/50], Loss: 0.4513
  Epoch [40/50], Loss: 0.4018
  Epoch [50/50], Loss: 0.3861
  [seed= 777] baseline       AUC=0.802  (0.7s)
  [seed= 777] svm_source     AUC=0.771  (0.0s)
  [seed= 777] subspace       AUC=0.772  (0.0s)
  Epoch [10/100], Loss: 1.8944 (╬╗=0.426, lr=0.000296, class: 0.5152, domain: 1.4043)
  Epoch [20/100], Loss: 1.8865 (╬╗=0.744, lr=0.000218, class: 0.4179, domain: 1.4039)
  Epoch [30/100], Loss: 1.9244 (╬╗=0.899, lr=0.000176, class: 0.4493, domain: 1.4306)
  Epoch [40/100], Loss: 1.8459 (╬╗=0.962, lr=0.000149, class: 0.3543, domain: 1.4437)
  Epoch [50/100], Loss: 1.8953 (╬╗=0.986, lr=0.000130, class: 0.4880, domain: 1.4416)
  Epoch [60/100], Loss: 1.8935 (╬╗=0.995, lr=0.000115, class: 0.4651, domain: 1.4222)
  Epoch [70/100], Loss: 1.8502 (╬╗=0.998, lr=0.000104, class: 0.4740, domain: 1.4319)
  Epoch [80/100], Loss: 1.8464 (╬╗=0.999, lr=0.000096, class: 0.4394, domain: 1.4003)
  Epoch [90/100], Loss: 1.8580 (╬╗=1.000, lr=0.000088, class: 0.4374, domain: 1.4075)
  Epoch [100/100], Loss: 1.8854 (╬╗=1.000, lr=0.000082, class: 0.4416, domain: 1.4070)
  [seed= 777] dann           AUC=0.753  (2.7s)
  Epoch [10/100], Loss: 0.6056 (class: 0.5047, MMD: 0.0966)
  Epoch [20/100], Loss: 0.5403 (class: 0.4156, MMD: 0.0690)
  Epoch [30/100], Loss: 0.5417 (class: 0.4140, MMD: 0.0743)
  Epoch [40/100], Loss: 0.4601 (class: 0.3543, MMD: 0.0789)
  Epoch [50/100], Loss: 0.4916 (class: 0.4723, MMD: 0.0642)
  Epoch [60/100], Loss: 0.5159 (class: 0.4419, MMD: 0.0641)
  Epoch [70/100], Loss: 0.4589 (class: 0.4208, MMD: 0.0705)
  Epoch [80/100], Loss: 0.4162 (class: 0.3822, MMD: 0.0574)
  Epoch [90/100], Loss: 0.4366 (class: 0.4129, MMD: 0.0631)
  Epoch [100/100], Loss: 0.4443 (class: 0.3584, MMD: 0.0775)
  [seed= 777] mmd            AUC=0.813  (3.4s)
  Epoch [10/100], Loss: 0.6183 (class: 0.5276, CORAL: 0.0018)
  Epoch [20/100], Loss: 0.5107 (class: 0.4140, CORAL: 0.0010)
  Epoch [30/100], Loss: 0.4965 (class: 0.4136, CORAL: 0.0008)
  Epoch [40/100], Loss: 0.4200 (class: 0.3710, CORAL: 0.0007)
  Epoch [50/100], Loss: 0.4274 (class: 0.4376, CORAL: 0.0007)
  Epoch [60/100], Loss: 0.4528 (class: 0.4333, CORAL: 0.0008)
  Epoch [70/100], Loss: 0.4154 (class: 0.4147, CORAL: 0.0008)
  Epoch [80/100], Loss: 0.3564 (class: 0.3610, CORAL: 0.0007)
  Epoch [90/100], Loss: 0.3791 (class: 0.3836, CORAL: 0.0005)
  Epoch [100/100], Loss: 0.3732 (class: 0.3487, CORAL: 0.0006)
  [seed= 777] coral          AUC=0.791  (2.2s)
  Epoch [10/100], Loss: 1.8907 (╬╗=0.213, class: 0.5136, domain: 1.3608)
  Epoch [20/100], Loss: 1.8220 (╬╗=0.372, class: 0.4156, domain: 1.3577)
  Epoch [30/100], Loss: 1.8271 (╬╗=0.449, class: 0.4454, domain: 1.3343)
  Epoch [40/100], Loss: 1.7597 (╬╗=0.481, class: 0.3550, domain: 1.3692)
  Epoch [50/100], Loss: 1.8100 (╬╗=0.493, class: 0.4855, domain: 1.3404)
  Epoch [60/100], Loss: 1.8217 (╬╗=0.497, class: 0.4651, domain: 1.3469)
  Epoch [70/100], Loss: 1.7977 (╬╗=0.499, class: 0.4565, domain: 1.3690)
  Epoch [80/100], Loss: 1.7990 (╬╗=0.500, class: 0.4296, domain: 1.3962)
  Epoch [90/100], Loss: 1.8179 (╬╗=0.500, class: 0.4319, domain: 1.3742)
  Epoch [100/100], Loss: 1.8434 (╬╗=0.500, class: 0.4247, domain: 1.3978)
  [seed= 777] cdan           AUC=0.767  (2.6s)
  Epoch [10/100], Loss: 0.5307 (class: 0.5159, contrastive: 0.0244, conf_samples: 28)
  Epoch [20/100], Loss: 0.4639 (class: 0.4017, contrastive: 0.0028, conf_samples: 44)
  Epoch [30/100], Loss: 0.4576 (class: 0.3971, contrastive: 0.0060, conf_samples: 47)
  Epoch [40/100], Loss: 0.3888 (class: 0.3503, contrastive: 0.0061, conf_samples: 37)
  Epoch [50/100], Loss: 0.4100 (class: 0.4469, contrastive: 0.0049, conf_samples: 47)
  Epoch [60/100], Loss: 0.4224 (class: 0.4331, contrastive: 0.0074, conf_samples: 40)
  Epoch [70/100], Loss: 0.3891 (class: 0.4108, contrastive: 0.0112, conf_samples: 49)
  Epoch [80/100], Loss: 0.3313 (class: 0.3588, contrastive: 0.0035, conf_samples: 48)
  Epoch [90/100], Loss: 0.3565 (class: 0.3805, contrastive: 0.0054, conf_samples: 47)
  Epoch [100/100], Loss: 0.3481 (class: 0.3336, contrastive: 0.0046, conf_samples: 43)
  [seed= 777] contrastive    AUC=0.785  (2.8s)
  Epoch [10/50], Loss: 0.5140
  Epoch [20/50], Loss: 0.4829
  Epoch [30/50], Loss: 0.4316
  Epoch [40/50], Loss: 0.3910
  Epoch [50/50], Loss: 0.4334
  [seed=1337] baseline       AUC=0.831  (0.9s)
  [seed=1337] svm_source     AUC=0.771  (0.0s)
  [seed=1337] subspace       AUC=0.773  (0.0s)
  Epoch [10/100], Loss: 1.9052 (╬╗=0.426, lr=0.000296, class: 0.5876, domain: 1.3702)
  Epoch [20/100], Loss: 1.8801 (╬╗=0.744, lr=0.000218, class: 0.4768, domain: 1.4071)
  Epoch [30/100], Loss: 1.8932 (╬╗=0.899, lr=0.000176, class: 0.5384, domain: 1.4317)
  Epoch [40/100], Loss: 1.8651 (╬╗=0.962, lr=0.000149, class: 0.4116, domain: 1.4163)
  Epoch [50/100], Loss: 1.8613 (╬╗=0.986, lr=0.000130, class: 0.4723, domain: 1.3955)
  Epoch [60/100], Loss: 1.9106 (╬╗=0.995, lr=0.000115, class: 0.4956, domain: 1.4225)
  Epoch [70/100], Loss: 1.8491 (╬╗=0.998, lr=0.000104, class: 0.4652, domain: 1.4131)
  Epoch [80/100], Loss: 1.8459 (╬╗=0.999, lr=0.000096, class: 0.4334, domain: 1.3895)
  Epoch [90/100], Loss: 1.8260 (╬╗=1.000, lr=0.000088, class: 0.3968, domain: 1.3607)
  Epoch [100/100], Loss: 1.7826 (╬╗=1.000, lr=0.000082, class: 0.4361, domain: 1.3957)
  [seed=1337] dann           AUC=0.831  (2.5s)
  Epoch [10/100], Loss: 0.5862 (class: 0.5864, MMD: 0.0769)
  Epoch [20/100], Loss: 0.5319 (class: 0.4717, MMD: 0.0698)
  Epoch [30/100], Loss: 0.4908 (class: 0.4465, MMD: 0.0526)
  Epoch [40/100], Loss: 0.4868 (class: 0.3990, MMD: 0.0709)
  Epoch [50/100], Loss: 0.4916 (class: 0.4923, MMD: 0.0523)
  Epoch [60/100], Loss: 0.4889 (class: 0.4654, MMD: 0.0609)
  Epoch [70/100], Loss: 0.4560 (class: 0.4042, MMD: 0.0635)
  Epoch [80/100], Loss: 0.4954 (class: 0.3683, MMD: 0.0942)
  Epoch [90/100], Loss: 0.4430 (class: 0.3407, MMD: 0.0724)
  Epoch [100/100], Loss: 0.4093 (class: 0.4148, MMD: 0.0656)
  [seed=1337] mmd            AUC=0.830  (3.4s)
  Epoch [10/100], Loss: 0.5850 (class: 0.6216, CORAL: 0.0014)
  Epoch [20/100], Loss: 0.5102 (class: 0.4767, CORAL: 0.0011)
  Epoch [30/100], Loss: 0.4654 (class: 0.4610, CORAL: 0.0009)
  Epoch [40/100], Loss: 0.4542 (class: 0.4098, CORAL: 0.0010)
  Epoch [50/100], Loss: 0.4592 (class: 0.4917, CORAL: 0.0006)
  Epoch [60/100], Loss: 0.4428 (class: 0.4486, CORAL: 0.0005)
  Epoch [70/100], Loss: 0.4028 (class: 0.4120, CORAL: 0.0006)
  Epoch [80/100], Loss: 0.4274 (class: 0.3584, CORAL: 0.0005)
  Epoch [90/100], Loss: 0.3812 (class: 0.3326, CORAL: 0.0004)
  Epoch [100/100], Loss: 0.3579 (class: 0.3945, CORAL: 0.0004)
  [seed=1337] coral          AUC=0.832  (2.5s)
  Epoch [10/100], Loss: 1.8964 (╬╗=0.213, class: 0.5876, domain: 1.3493)
  Epoch [20/100], Loss: 1.8480 (╬╗=0.372, class: 0.4740, domain: 1.3701)
  Epoch [30/100], Loss: 1.8368 (╬╗=0.449, class: 0.5345, domain: 1.3664)
  Epoch [40/100], Loss: 1.7840 (╬╗=0.481, class: 0.4105, domain: 1.3426)
  Epoch [50/100], Loss: 1.7913 (╬╗=0.493, class: 0.4683, domain: 1.3388)
  Epoch [60/100], Loss: 1.8321 (╬╗=0.497, class: 0.4838, domain: 1.3709)
  Epoch [70/100], Loss: 1.7953 (╬╗=0.499, class: 0.4529, domain: 1.4069)
  Epoch [80/100], Loss: 1.8042 (╬╗=0.500, class: 0.4149, domain: 1.3627)
  Epoch [90/100], Loss: 1.8098 (╬╗=0.500, class: 0.3822, domain: 1.3665)
  Epoch [100/100], Loss: 1.7652 (╬╗=0.500, class: 0.4485, domain: 1.3657)
  [seed=1337] cdan           AUC=0.825  (2.5s)
  Epoch [10/100], Loss: 0.5309 (class: 0.5884, contrastive: 0.0410, conf_samples: 27)
  Epoch [20/100], Loss: 0.4682 (class: 0.4662, contrastive: 0.0099, conf_samples: 37)
  Epoch [30/100], Loss: 0.4306 (class: 0.4488, contrastive: 0.0073, conf_samples: 42)
  Epoch [40/100], Loss: 0.4212 (class: 0.4009, contrastive: 0.0079, conf_samples: 49)
  Epoch [50/100], Loss: 0.4264 (class: 0.4946, contrastive: 0.0046, conf_samples: 44)
  Epoch [60/100], Loss: 0.4294 (class: 0.4492, contrastive: 0.0102, conf_samples: 44)
  Epoch [70/100], Loss: 0.3667 (class: 0.3920, contrastive: 0.0054, conf_samples: 40)
  Epoch [80/100], Loss: 0.4020 (class: 0.3485, contrastive: 0.0011, conf_samples: 45)
  Epoch [90/100], Loss: 0.3685 (class: 0.3383, contrastive: 0.0054, conf_samples: 48)
  Epoch [100/100], Loss: 0.3336 (class: 0.3870, contrastive: 0.0063, conf_samples: 37)
  [seed=1337] contrastive    AUC=0.836  (2.9s)
  Epoch [10/50], Loss: 0.5291
  Epoch [20/50], Loss: 0.4658
  Epoch [30/50], Loss: 0.4087
  Epoch [40/50], Loss: 0.3780
  Epoch [50/50], Loss: 0.3550
  [seed=   0] baseline       AUC=0.783  (0.8s)
  [seed=   0] svm_source     AUC=0.770  (0.0s)
  [seed=   0] subspace       AUC=0.772  (0.0s)
  Epoch [10/100], Loss: 1.8885 (╬╗=0.426, lr=0.000296, class: 0.5280, domain: 1.3800)
  Epoch [20/100], Loss: 1.8950 (╬╗=0.744, lr=0.000218, class: 0.5008, domain: 1.4170)
  Epoch [30/100], Loss: 1.8660 (╬╗=0.899, lr=0.000176, class: 0.3915, domain: 1.3847)
  Epoch [40/100], Loss: 1.9128 (╬╗=0.962, lr=0.000149, class: 0.4528, domain: 1.4505)
  Epoch [50/100], Loss: 1.8434 (╬╗=0.986, lr=0.000130, class: 0.4166, domain: 1.4288)
  Epoch [60/100], Loss: 1.8435 (╬╗=0.995, lr=0.000115, class: 0.4614, domain: 1.4406)
  Epoch [70/100], Loss: 1.8530 (╬╗=0.998, lr=0.000104, class: 0.4312, domain: 1.4631)
  Epoch [80/100], Loss: 1.8402 (╬╗=0.999, lr=0.000096, class: 0.4750, domain: 1.4566)
  Epoch [90/100], Loss: 1.8404 (╬╗=1.000, lr=0.000088, class: 0.4020, domain: 1.4074)
  Epoch [100/100], Loss: 1.8272 (╬╗=1.000, lr=0.000082, class: 0.4212, domain: 1.4200)
  [seed=   0] dann           AUC=0.775  (2.5s)
  Epoch [10/100], Loss: 0.5827 (class: 0.5121, MMD: 0.0794)
  Epoch [20/100], Loss: 0.5155 (class: 0.4595, MMD: 0.0612)
  Epoch [30/100], Loss: 0.5005 (class: 0.4031, MMD: 0.0801)
  Epoch [40/100], Loss: 0.4928 (class: 0.4361, MMD: 0.0660)
  Epoch [50/100], Loss: 0.4580 (class: 0.3808, MMD: 0.0840)
  Epoch [60/100], Loss: 0.4438 (class: 0.4546, MMD: 0.0530)
  Epoch [70/100], Loss: 0.4280 (class: 0.3710, MMD: 0.0627)
  Epoch [80/100], Loss: 0.4519 (class: 0.4426, MMD: 0.0688)
  Epoch [90/100], Loss: 0.4424 (class: 0.3412, MMD: 0.1202)
  Epoch [100/100], Loss: 0.4314 (class: 0.3334, MMD: 0.0618)
  [seed=   0] mmd            AUC=0.794  (3.4s)
  Epoch [10/100], Loss: 0.5570 (class: 0.5243, CORAL: 0.0014)
  Epoch [20/100], Loss: 0.4922 (class: 0.4641, CORAL: 0.0009)
  Epoch [30/100], Loss: 0.4511 (class: 0.3926, CORAL: 0.0006)
  Epoch [40/100], Loss: 0.4406 (class: 0.4197, CORAL: 0.0006)
  Epoch [50/100], Loss: 0.4176 (class: 0.3836, CORAL: 0.0006)
  Epoch [60/100], Loss: 0.4016 (class: 0.4530, CORAL: 0.0006)
  Epoch [70/100], Loss: 0.3746 (class: 0.3680, CORAL: 0.0006)
  Epoch [80/100], Loss: 0.3985 (class: 0.4363, CORAL: 0.0004)
  Epoch [90/100], Loss: 0.3777 (class: 0.3425, CORAL: 0.0005)
  Epoch [100/100], Loss: 0.3808 (class: 0.3497, CORAL: 0.0006)
  [seed=   0] coral          AUC=0.784  (2.4s)
  Epoch [10/100], Loss: 1.8855 (╬╗=0.213, class: 0.5289, domain: 1.3510)
  Epoch [20/100], Loss: 1.8114 (╬╗=0.372, class: 0.4966, domain: 1.3479)
  Epoch [30/100], Loss: 1.7787 (╬╗=0.449, class: 0.3946, domain: 1.3357)
  Epoch [40/100], Loss: 1.8111 (╬╗=0.481, class: 0.4441, domain: 1.3751)
  Epoch [50/100], Loss: 1.7874 (╬╗=0.493, class: 0.4162, domain: 1.3692)
  Epoch [60/100], Loss: 1.7920 (╬╗=0.497, class: 0.4540, domain: 1.3901)
  Epoch [70/100], Loss: 1.7761 (╬╗=0.499, class: 0.4107, domain: 1.3655)
  Epoch [80/100], Loss: 1.7984 (╬╗=0.500, class: 0.4709, domain: 1.4034)
  Epoch [90/100], Loss: 1.7990 (╬╗=0.500, class: 0.4012, domain: 1.3687)
  Epoch [100/100], Loss: 1.7970 (╬╗=0.500, class: 0.4054, domain: 1.3963)
  [seed=   0] cdan           AUC=0.772  (2.3s)
  Epoch [10/100], Loss: 0.5132 (class: 0.5052, contrastive: 0.0183, conf_samples: 28)
  Epoch [20/100], Loss: 0.4515 (class: 0.4593, contrastive: 0.0075, conf_samples: 47)
  Epoch [30/100], Loss: 0.4232 (class: 0.3812, contrastive: 0.0007, conf_samples: 37)
  Epoch [40/100], Loss: 0.4146 (class: 0.4171, contrastive: 0.0020, conf_samples: 38)
  Epoch [50/100], Loss: 0.3897 (class: 0.3680, contrastive: 0.0053, conf_samples: 45)
  Epoch [60/100], Loss: 0.3724 (class: 0.4537, contrastive: 0.0062, conf_samples: 43)
  Epoch [70/100], Loss: 0.3497 (class: 0.3594, contrastive: 0.0064, conf_samples: 46)
  Epoch [80/100], Loss: 0.3736 (class: 0.4223, contrastive: 0.0026, conf_samples: 44)
  Epoch [90/100], Loss: 0.3517 (class: 0.3239, contrastive: 0.0043, conf_samples: 48)
  Epoch [100/100], Loss: 0.3551 (class: 0.3340, contrastive: 0.0049, conf_samples: 44)
  [seed=   0] contrastive    AUC=0.781  (2.8s)

  S├║hrn met├│d (mean ┬▒ std AUC, paired bootstrap ╬ö vs baseline):
     method  auc_mean  auc_std  auc_min  auc_max  n_seeds  delta_vs_baseline  delta_ci_low  delta_ci_high  p_value_one_sided  significant_005
   baseline    0.8005   0.0172   0.7732   0.8306       10             0.0000        0.0000         0.0000                NaN            False
 svm_source    0.7708   0.0002   0.7705   0.7709       10            -0.0297       -0.0924         0.0286             0.8420            False
   subspace    0.7724   0.0002   0.7723   0.7728       10            -0.0281       -0.0896         0.0296             0.8345            False
       dann    0.7886   0.0255   0.7532   0.8306       10            -0.0118       -0.0625         0.0287             0.6515            False
        mmd    0.8060   0.0149   0.7878   0.8297       10             0.0056       -0.0273         0.0451             0.3650            False
      coral    0.7965   0.0162   0.7832   0.8324       10            -0.0039       -0.0374         0.0346             0.5820            False
       cdan    0.7869   0.0237   0.7495   0.8251       10            -0.0136       -0.0556         0.0240             0.7435            False
contrastive    0.7972   0.0179   0.7814   0.8361       10            -0.0033       -0.0410         0.0311             0.5495            False

========================================================================
FIN├üLNE V├¥SLEDKY ΓÇö multi-seed (N=10) s paired bootstrap CI
========================================================================

E1: A ΓåÆ Istanbul-pooled
------------------------------------------------------------------------
     method  auc_mean  auc_std  delta_vs_baseline  delta_ci_low  delta_ci_high  p_value_one_sided  significant_005
   baseline    0.6926   0.0129             0.0000        0.0000         0.0000                NaN            False
 svm_source    0.6779   0.0001            -0.0146       -0.0804         0.0679             0.6390            False
   subspace    0.6784   0.0001            -0.0142       -0.0787         0.0680             0.6330            False
       dann    0.6895   0.0325            -0.0031       -0.0717         0.0703             0.5230            False
        mmd    0.6662   0.0160            -0.0263       -0.1049         0.0375             0.7575            False
      coral    0.6628   0.0187            -0.0298       -0.1147         0.0456             0.7575            False
       cdan    0.6623   0.0229            -0.0302       -0.1013         0.0257             0.8205            False
contrastive    0.6718   0.0177            -0.0208       -0.1037         0.0534             0.6825            False

E2: Istanbul-pooled ΓåÆ A
------------------------------------------------------------------------
     method  auc_mean  auc_std  delta_vs_baseline  delta_ci_low  delta_ci_high  p_value_one_sided  significant_005
   baseline    0.8005   0.0172             0.0000        0.0000         0.0000                NaN            False
 svm_source    0.7708   0.0002            -0.0297       -0.0924         0.0286             0.8420            False
   subspace    0.7724   0.0002            -0.0281       -0.0896         0.0296             0.8345            False
       dann    0.7886   0.0255            -0.0118       -0.0625         0.0287             0.6515            False
        mmd    0.8060   0.0149             0.0056       -0.0273         0.0451             0.3650            False
      coral    0.7965   0.0162            -0.0039       -0.0374         0.0346             0.5820            False
       cdan    0.7869   0.0237            -0.0136       -0.0556         0.0240             0.7435            False
contrastive    0.7972   0.0179            -0.0033       -0.0410         0.0311             0.5495            False

CSV v├╜stupy ulo┼╛en├⌐ v: c:\INS-Dmytro\parkinson_da\data\robust_results
Celkov├╜ ─ìas: 0:07:35
